#
# There is insufficient memory for the Java Runtime Environment to continue.
# Native memory allocation (malloc) failed to allocate 1245920 bytes. Error detail: Chunk::new
# Possible reasons:
#   The system is out of physical RAM or swap space
#   This process is running with CompressedOops enabled, and the Java Heap may be blocking the growth of the native heap
# Possible solutions:
#   Reduce memory load on the system
#   Increase physical memory or swap space
#   Check if swap backing store is full
#   Decrease Java heap size (-Xmx/-Xms)
#   Decrease number of Java threads
#   Decrease Java thread stack sizes (-Xss)
#   Set larger code cache with -XX:ReservedCodeCacheSize=
#   JVM is running with Unscaled Compressed Oops mode in which the Java heap is
#     placed in the first 4GB address space. The Java Heap base address is the
#     maximum limit for the native heap growth. Please use -XX:HeapBaseMinAddress
#     to set the Java Heap base and to place the Java Heap above 4GB virtual address.
# This output file may be truncated or incomplete.
#
#  Out of Memory Error (arena.cpp:168), pid=22176, tid=23316
#
# JRE version: OpenJDK Runtime Environment (21.0.7) (build 21.0.7+-13880790-b1038.58)
# Java VM: OpenJDK 64-Bit Server VM (21.0.7+-13880790-b1038.58, mixed mode, tiered, compressed oops, compressed class ptrs, g1 gc, windows-amd64)
# No core dump will be written. Minidumps are not enabled by default on client versions of Windows
#

---------------  S U M M A R Y ------------

Command Line: --add-opens=java.base/java.util=ALL-UNNAMED --add-opens=java.base/java.lang=ALL-UNNAMED --add-opens=java.base/java.lang.invoke=ALL-UNNAMED --add-opens=java.prefs/java.util.prefs=ALL-UNNAMED --add-opens=java.base/java.nio.charset=ALL-UNNAMED --add-opens=java.base/java.net=ALL-UNNAMED --add-opens=java.base/java.util.concurrent.atomic=ALL-UNNAMED -Xmx2048m -Dfile.encoding=UTF-8 -Duser.country=CA -Duser.language=en -Duser.variant -javaagent:C:\Users\17822\.gradle\wrapper\dists\gradle-8.7-all\aan3ydargesu18aqyqjwhr3pc\gradle-8.7\lib\agents\gradle-instrumentation-agent-8.7.jar org.gradle.launcher.daemon.bootstrap.GradleDaemon 8.7

Host: 11th Gen Intel(R) Core(TM) i7-1165G7 @ 2.80GHz, 8 cores, 11G,  Windows 11 , 64 bit Build 26100 (10.0.26100.6725)
Time: Sat Nov  8 15:51:14 2025 Atlantic Standard Time elapsed time: 12.591021 seconds (0d 0h 0m 12s)

---------------  T H R E A D  ---------------

Current thread (0x00000213ed639590):  JavaThread "C2 CompilerThread1" daemon [_thread_in_native, id=23316, stack(0x000000f856a00000,0x000000f856b00000) (1024K)]


Current CompileTask:
C2:12591 6911       4       org.gradle.internal.classpath.transforms.BaseClasspathElementTransform$$Lambda/0x000000010072df78::visit (13 bytes)

Stack: [0x000000f856a00000,0x000000f856b00000]
Native frames: (J=compiled Java code, j=interpreted, Vv=VM code, C=native code)
V  [jvm.dll+0x6d25c9]
V  [jvm.dll+0x860923]
V  [jvm.dll+0x862e7e]
V  [jvm.dll+0x863563]
V  [jvm.dll+0x27f156]
V  [jvm.dll+0xc002d]
V  [jvm.dll+0xc0563]
V  [jvm.dll+0x3b6d3b]
V  [jvm.dll+0x1de922]
V  [jvm.dll+0x247fc4]
V  [jvm.dll+0x247441]
V  [jvm.dll+0x1c5fb4]
V  [jvm.dll+0x256bac]
V  [jvm.dll+0x2550f6]
V  [jvm.dll+0x3f1d16]
V  [jvm.dll+0x808d08]
V  [jvm.dll+0x6d0e1d]
C  [ucrtbase.dll+0x37b0]
C  [KERNEL32.DLL+0x2e8d7]
C  [ntdll.dll+0x8c53c]


---------------  P R O C E S S  ---------------

Threads class SMR info:
_java_thread_list=0x00000213f054e900, length=43, elements={
0x00000213ce456270, 0x00000213ec0a2c80, 0x00000213ec0a7ac0, 0x00000213ec0a5820,
0x00000213ec0a6b00, 0x00000213ec0d0d10, 0x00000213ec0d1770, 0x00000213ec0d21d0,
0x00000213ec0d3780, 0x00000213ec0dcd80, 0x00000213ec386290, 0x00000213ed355410,
0x00000213ed86acf0, 0x00000213ede50e10, 0x00000213ee001040, 0x00000213edb9c4a0,
0x00000213edb4c380, 0x00000213edd35100, 0x00000213ede46130, 0x00000213edd053d0,
0x00000213edd03990, 0x00000213edd05a60, 0x00000213edd03300, 0x00000213edd02c70,
0x00000213edd046b0, 0x00000213edd04d40, 0x00000213ee4bb720, 0x00000213ee4b9650,
0x00000213ee4bbdb0, 0x00000213ee4baa00, 0x00000213ee4bc440, 0x00000213ee4b8fc0,
0x00000213ee4b9ce0, 0x00000213ee4bcad0, 0x00000213ee4bd160, 0x00000213ed639590,
0x00000213ee4bd7f0, 0x00000213ee4ba370, 0x00000213ee4bf8c0, 0x00000213ee4bff50,
0x00000213ed638120, 0x00000213ed036b90, 0x00000213ed0357e0
}

Java Threads: ( => current thread )
  0x00000213ce456270 JavaThread "main"                              [_thread_blocked, id=37644, stack(0x000000f853800000,0x000000f853900000) (1024K)]
  0x00000213ec0a2c80 JavaThread "Common-Cleaner"             daemon [_thread_blocked, id=29216, stack(0x000000f854000000,0x000000f854100000) (1024K)]
  0x00000213ec0a7ac0 JavaThread "Reference Handler"          daemon [_thread_blocked, id=55696, stack(0x000000f854100000,0x000000f854200000) (1024K)]
  0x00000213ec0a5820 JavaThread "Finalizer"                  daemon [_thread_blocked, id=69788, stack(0x000000f854200000,0x000000f854300000) (1024K)]
  0x00000213ec0a6b00 JavaThread "Signal Dispatcher"          daemon [_thread_blocked, id=32572, stack(0x000000f854300000,0x000000f854400000) (1024K)]
  0x00000213ec0d0d10 JavaThread "Attach Listener"            daemon [_thread_blocked, id=66924, stack(0x000000f854400000,0x000000f854500000) (1024K)]
  0x00000213ec0d1770 JavaThread "Service Thread"             daemon [_thread_blocked, id=40888, stack(0x000000f854500000,0x000000f854600000) (1024K)]
  0x00000213ec0d21d0 JavaThread "Monitor Deflation Thread"   daemon [_thread_blocked, id=56952, stack(0x000000f854600000,0x000000f854700000) (1024K)]
  0x00000213ec0d3780 JavaThread "C2 CompilerThread0"         daemon [_thread_in_native, id=10188, stack(0x000000f854700000,0x000000f854800000) (1024K)]
  0x00000213ec0dcd80 JavaThread "C1 CompilerThread0"         daemon [_thread_blocked, id=28668, stack(0x000000f854800000,0x000000f854900000) (1024K)]
  0x00000213ec386290 JavaThread "Notification Thread"        daemon [_thread_blocked, id=28460, stack(0x000000f854900000,0x000000f854a00000) (1024K)]
  0x00000213ed355410 JavaThread "Daemon health stats"               [_thread_blocked, id=46124, stack(0x000000f854b00000,0x000000f854c00000) (1024K)]
  0x00000213ed86acf0 JavaThread "Incoming local TCP Connector on port 59473"        [_thread_in_native, id=28604, stack(0x000000f855000000,0x000000f855100000) (1024K)]
  0x00000213ede50e10 JavaThread "Daemon periodic checks"            [_thread_blocked, id=35340, stack(0x000000f855100000,0x000000f855200000) (1024K)]
  0x00000213ee001040 JavaThread "Daemon"                            [_thread_blocked, id=50188, stack(0x000000f855200000,0x000000f855300000) (1024K)]
  0x00000213edb9c4a0 JavaThread "Handler for socket connection from /127.0.0.1:59473 to /127.0.0.1:59474"        [_thread_in_native, id=44048, stack(0x000000f855300000,0x000000f855400000) (1024K)]
  0x00000213edb4c380 JavaThread "Cancel handler"                    [_thread_blocked, id=58780, stack(0x000000f855400000,0x000000f855500000) (1024K)]
  0x00000213edd35100 JavaThread "Daemon worker"                     [_thread_in_Java, id=62408, stack(0x000000f855500000,0x000000f855600000) (1024K)]
  0x00000213ede46130 JavaThread "Asynchronous log dispatcher for DefaultDaemonConnection: socket connection from /127.0.0.1:59473 to /127.0.0.1:59474"        [_thread_blocked, id=61612, stack(0x000000f855600000,0x000000f855700000) (1024K)]
  0x00000213edd053d0 JavaThread "Stdin handler"                     [_thread_blocked, id=19888, stack(0x000000f855700000,0x000000f855800000) (1024K)]
  0x00000213edd03990 JavaThread "Daemon client event forwarder"        [_thread_blocked, id=43236, stack(0x000000f855800000,0x000000f855900000) (1024K)]
  0x00000213edd05a60 JavaThread "Cache worker for journal cache (C:\Users\17822\.gradle\caches\journal-1)"        [_thread_blocked, id=77696, stack(0x000000f855d00000,0x000000f855e00000) (1024K)]
  0x00000213edd03300 JavaThread "File lock request listener"        [_thread_in_native, id=3696, stack(0x000000f855e00000,0x000000f855f00000) (1024K)]
  0x00000213edd02c70 JavaThread "Cache worker for file hash cache (C:\Users\17822\.gradle\caches\8.7\fileHashes)"        [_thread_blocked, id=68852, stack(0x000000f855f00000,0x000000f856000000) (1024K)]
  0x00000213edd046b0 JavaThread "Cache worker for file hash cache (C:\Users\17822\OneDrive - Nova Scotia Community College\Desktop\Mobile Applaction Android\M03_Bounce\.gradle\8.7\fileHashes)"        [_thread_blocked, id=47192, stack(0x000000f856100000,0x000000f856200000) (1024K)]
  0x00000213edd04d40 JavaThread "File watcher server"        daemon [_thread_in_native, id=64076, stack(0x000000f856200000,0x000000f856300000) (1024K)]
  0x00000213ee4bb720 JavaThread "File watcher consumer"      daemon [_thread_blocked, id=10548, stack(0x000000f856300000,0x000000f856400000) (1024K)]
  0x00000213ee4b9650 JavaThread "jar transforms"                    [_thread_blocked, id=45756, stack(0x000000f854a00000,0x000000f854b00000) (1024K)]
  0x00000213ee4bbdb0 JavaThread "jar transforms Thread 2"           [_thread_blocked, id=12120, stack(0x000000f856000000,0x000000f856100000) (1024K)]
  0x00000213ee4baa00 JavaThread "jar transforms Thread 3"           [_thread_blocked, id=48208, stack(0x000000f856400000,0x000000f856500000) (1024K)]
  0x00000213ee4bc440 JavaThread "jar transforms Thread 4"           [_thread_blocked, id=36236, stack(0x000000f856500000,0x000000f856600000) (1024K)]
  0x00000213ee4b8fc0 JavaThread "jar transforms Thread 5"           [_thread_blocked, id=59072, stack(0x000000f856600000,0x000000f856700000) (1024K)]
  0x00000213ee4b9ce0 JavaThread "jar transforms Thread 6"           [_thread_blocked, id=64368, stack(0x000000f856700000,0x000000f856800000) (1024K)]
  0x00000213ee4bcad0 JavaThread "jar transforms Thread 7"           [_thread_blocked, id=46152, stack(0x000000f856800000,0x000000f856900000) (1024K)]
  0x00000213ee4bd160 JavaThread "jar transforms Thread 8"           [_thread_blocked, id=29116, stack(0x000000f856900000,0x000000f856a00000) (1024K)]
=>0x00000213ed639590 JavaThread "C2 CompilerThread1"         daemon [_thread_in_native, id=23316, stack(0x000000f856a00000,0x000000f856b00000) (1024K)]
  0x00000213ee4bd7f0 JavaThread "Cache worker for checksums cache (C:\Users\17822\OneDrive - Nova Scotia Community College\Desktop\Mobile Applaction Android\M03_Bounce\.gradle\8.7\checksums)"        [_thread_blocked, id=69356, stack(0x000000f856c00000,0x000000f856d00000) (1024K)]
  0x00000213ee4ba370 JavaThread "Cache worker for cache directory md-supplier (C:\Users\17822\.gradle\caches\8.7\md-supplier)"        [_thread_blocked, id=50280, stack(0x000000f856d00000,0x000000f856e00000) (1024K)]
  0x00000213ee4bf8c0 JavaThread "Cache worker for cache directory md-rule (C:\Users\17822\.gradle\caches\8.7\md-rule)"        [_thread_blocked, id=52780, stack(0x000000f856e00000,0x000000f856f00000) (1024K)]
  0x00000213ee4bff50 JavaThread "Cache worker for file content cache (C:\Users\17822\.gradle\caches\8.7\fileContent)"        [_thread_blocked, id=53432, stack(0x000000f856f00000,0x000000f857000000) (1024K)]
  0x00000213ed638120 JavaThread "C2 CompilerThread2"         daemon [_thread_in_native, id=57900, stack(0x000000f856b00000,0x000000f856c00000) (1024K)]
  0x00000213ed036b90 JavaThread "Unconstrained build operations"        [_thread_blocked, id=24372, stack(0x000000f857000000,0x000000f857100000) (1024K)]
  0x00000213ed0357e0 JavaThread "Unconstrained build operations Thread 2"        [_thread_blocked, id=34808, stack(0x000000f857100000,0x000000f857200000) (1024K)]
Total: 43

Other Threads:
  0x00000213ec02fba0 VMThread "VM Thread"                           [id=16084, stack(0x000000f853f00000,0x000000f854000000) (1024K)]
  0x00000213e7d588b0 WatcherThread "VM Periodic Task Thread"        [id=74320, stack(0x000000f853e00000,0x000000f853f00000) (1024K)]
  0x00000213d06e55d0 WorkerThread "GC Thread#0"                     [id=37488, stack(0x000000f853900000,0x000000f853a00000) (1024K)]
  0x00000213ecd80fa0 WorkerThread "GC Thread#1"                     [id=51688, stack(0x000000f854c00000,0x000000f854d00000) (1024K)]
  0x00000213ed37a8e0 WorkerThread "GC Thread#2"                     [id=21860, stack(0x000000f854d00000,0x000000f854e00000) (1024K)]
  0x00000213ed37ac80 WorkerThread "GC Thread#3"                     [id=38440, stack(0x000000f854e00000,0x000000f854f00000) (1024K)]
  0x00000213ed140e40 WorkerThread "GC Thread#4"                     [id=14228, stack(0x000000f854f00000,0x000000f855000000) (1024K)]
  0x00000213edefb320 WorkerThread "GC Thread#5"                     [id=52436, stack(0x000000f855900000,0x000000f855a00000) (1024K)]
  0x00000213edf29140 WorkerThread "GC Thread#6"                     [id=61364, stack(0x000000f855a00000,0x000000f855b00000) (1024K)]
  0x00000213edf294e0 WorkerThread "GC Thread#7"                     [id=57252, stack(0x000000f855b00000,0x000000f855c00000) (1024K)]
  0x00000213ce51bf80 ConcurrentGCThread "G1 Main Marker"            [id=72828, stack(0x000000f853a00000,0x000000f853b00000) (1024K)]
  0x00000213ce51d7d0 WorkerThread "G1 Conc#0"                       [id=12080, stack(0x000000f853b00000,0x000000f853c00000) (1024K)]
  0x00000213edd115d0 WorkerThread "G1 Conc#1"                       [id=34756, stack(0x000000f855c00000,0x000000f855d00000) (1024K)]
  0x00000213e7c2b5f0 ConcurrentGCThread "G1 Refine#0"               [id=39476, stack(0x000000f853c00000,0x000000f853d00000) (1024K)]
  0x00000213e7c2be10 ConcurrentGCThread "G1 Service"                [id=36460, stack(0x000000f853d00000,0x000000f853e00000) (1024K)]
Total: 15

Threads with active compile tasks:
C2 CompilerThread0  12631 6912   !   4       org.gradle.internal.classpath.transforms.BaseClasspathElementTransform::visitEntry (95 bytes)
C2 CompilerThread1  12631 6911       4       org.gradle.internal.classpath.transforms.BaseClasspathElementTransform$$Lambda/0x000000010072df78::visit (13 bytes)
C2 CompilerThread2  12631 6814 %     4       org.objectweb.asm.ClassReader::readCode @ 1738 (5117 bytes)
Total: 3

VM state: not at safepoint (normal execution)

VM Mutex/Monitor currently owned by a thread: None

Heap address: 0x0000000080000000, size: 2048 MB, Compressed Oops mode: 32-bit

CDS archive(s) not mapped
Compressed class space mapped at: 0x0000000100000000-0x0000000140000000, reserved size: 1073741824
Narrow klass base: 0x0000000000000000, Narrow klass shift: 3, Narrow klass range: 0x140000000

GC Precious Log:
 CardTable entry size: 512
 Card Set container configuration: InlinePtr #cards 5 size 8 Array Of Cards #cards 12 size 40 Howl #buckets 4 coarsen threshold 1843 Howl Bitmap #cards 512 size 80 coarsen threshold 460 Card regions per heap region 1 cards per card region 2048
 CPUs: 8 total, 8 available
 Memory: 12022M
 Large Page Support: Disabled
 NUMA Support: Disabled
 Compressed Oops: Enabled (32-bit)
 Heap Region Size: 1M
 Heap Min Capacity: 8M
 Heap Initial Capacity: 188M
 Heap Max Capacity: 2G
 Pre-touch: Disabled
 Parallel Workers: 8
 Concurrent Workers: 2
 Concurrent Refinement Workers: 8
 Periodic GC: Disabled

Heap:
 garbage-first heap   total 165888K, used 126019K [0x0000000080000000, 0x0000000100000000)
  region size 1024K, 57 young (58368K), 6 survivors (6144K)
 Metaspace       used 61215K, committed 62656K, reserved 1114112K
  class space    used 8397K, committed 9088K, reserved 1048576K

Heap Regions: E=young(eden), S=young(survivor), O=old, HS=humongous(starts), HC=humongous(continues), CS=collection set, F=free, TAMS=top-at-mark-start, PB=parsable bottom
|   0|0x0000000080000000, 0x0000000080100000, 0x0000000080100000|100%|HS|  |TAMS 0x0000000080000000| PB 0x0000000080000000| Complete 
|   1|0x0000000080100000, 0x0000000080200000, 0x0000000080200000|100%|HC|  |TAMS 0x0000000080100000| PB 0x0000000080100000| Complete 
|   2|0x0000000080200000, 0x0000000080300000, 0x0000000080300000|100%|HC|  |TAMS 0x0000000080200000| PB 0x0000000080200000| Complete 
|   3|0x0000000080300000, 0x0000000080400000, 0x0000000080400000|100%|HC|  |TAMS 0x0000000080300000| PB 0x0000000080300000| Complete 
|   4|0x0000000080400000, 0x0000000080500000, 0x0000000080500000|100%| O|  |TAMS 0x0000000080400000| PB 0x0000000080400000| Untracked 
|   5|0x0000000080500000, 0x0000000080600000, 0x0000000080600000|100%| O|  |TAMS 0x0000000080500000| PB 0x0000000080500000| Untracked 
|   6|0x0000000080600000, 0x0000000080700000, 0x0000000080700000|100%| O|  |TAMS 0x0000000080600000| PB 0x0000000080600000| Untracked 
|   7|0x0000000080700000, 0x0000000080800000, 0x0000000080800000|100%| O|  |TAMS 0x0000000080700000| PB 0x0000000080700000| Untracked 
|   8|0x0000000080800000, 0x0000000080900000, 0x0000000080900000|100%| O|  |TAMS 0x0000000080800000| PB 0x0000000080800000| Untracked 
|   9|0x0000000080900000, 0x0000000080a00000, 0x0000000080a00000|100%| O|  |TAMS 0x0000000080900000| PB 0x0000000080900000| Untracked 
|  10|0x0000000080a00000, 0x0000000080b00000, 0x0000000080b00000|100%|HS|  |TAMS 0x0000000080a00000| PB 0x0000000080a00000| Complete 
|  11|0x0000000080b00000, 0x0000000080c00000, 0x0000000080c00000|100%|HS|  |TAMS 0x0000000080b00000| PB 0x0000000080b00000| Complete 
|  12|0x0000000080c00000, 0x0000000080d00000, 0x0000000080d00000|100%|HC|  |TAMS 0x0000000080c00000| PB 0x0000000080c00000| Complete 
|  13|0x0000000080d00000, 0x0000000080e00000, 0x0000000080e00000|100%|HC|  |TAMS 0x0000000080d00000| PB 0x0000000080d00000| Complete 
|  14|0x0000000080e00000, 0x0000000080f00000, 0x0000000080f00000|100%|HC|  |TAMS 0x0000000080e00000| PB 0x0000000080e00000| Complete 
|  15|0x0000000080f00000, 0x0000000081000000, 0x0000000081000000|100%|HC|  |TAMS 0x0000000080f00000| PB 0x0000000080f00000| Complete 
|  16|0x0000000081000000, 0x0000000081100000, 0x0000000081100000|100%|HC|  |TAMS 0x0000000081000000| PB 0x0000000081000000| Complete 
|  17|0x0000000081100000, 0x0000000081200000, 0x0000000081200000|100%|HS|  |TAMS 0x0000000081100000| PB 0x0000000081100000| Complete 
|  18|0x0000000081200000, 0x0000000081300000, 0x0000000081300000|100%|HS|  |TAMS 0x0000000081200000| PB 0x0000000081200000| Complete 
|  19|0x0000000081300000, 0x0000000081400000, 0x0000000081400000|100%|HC|  |TAMS 0x0000000081300000| PB 0x0000000081300000| Complete 
|  20|0x0000000081400000, 0x0000000081500000, 0x0000000081500000|100%|HC|  |TAMS 0x0000000081400000| PB 0x0000000081400000| Complete 
|  21|0x0000000081500000, 0x0000000081600000, 0x0000000081600000|100%|HC|  |TAMS 0x0000000081500000| PB 0x0000000081500000| Complete 
|  22|0x0000000081600000, 0x0000000081700000, 0x0000000081700000|100%|HS|  |TAMS 0x0000000081600000| PB 0x0000000081600000| Complete 
|  23|0x0000000081700000, 0x0000000081800000, 0x0000000081800000|100%|HC|  |TAMS 0x0000000081700000| PB 0x0000000081700000| Complete 
|  24|0x0000000081800000, 0x0000000081900000, 0x0000000081900000|100%| O|  |TAMS 0x0000000081800000| PB 0x0000000081800000| Untracked 
|  25|0x0000000081900000, 0x0000000081a00000, 0x0000000081a00000|100%|HS|  |TAMS 0x0000000081900000| PB 0x0000000081900000| Complete 
|  26|0x0000000081a00000, 0x0000000081b00000, 0x0000000081b00000|100%|HS|  |TAMS 0x0000000081a00000| PB 0x0000000081a00000| Complete 
|  27|0x0000000081b00000, 0x0000000081c00000, 0x0000000081c00000|100%|HC|  |TAMS 0x0000000081b00000| PB 0x0000000081b00000| Complete 
|  28|0x0000000081c00000, 0x0000000081d00000, 0x0000000081d00000|100%|HS|  |TAMS 0x0000000081c00000| PB 0x0000000081c00000| Complete 
|  29|0x0000000081d00000, 0x0000000081e00000, 0x0000000081e00000|100%| O|  |TAMS 0x0000000081d00000| PB 0x0000000081d00000| Untracked 
|  30|0x0000000081e00000, 0x0000000081f00000, 0x0000000081f00000|100%| O|  |TAMS 0x0000000081e00000| PB 0x0000000081e00000| Untracked 
|  31|0x0000000081f00000, 0x0000000082000000, 0x0000000082000000|100%| O|  |TAMS 0x0000000081f00000| PB 0x0000000081f00000| Untracked 
|  32|0x0000000082000000, 0x0000000082100000, 0x0000000082100000|100%| O|  |TAMS 0x0000000082000000| PB 0x0000000082000000| Untracked 
|  33|0x0000000082100000, 0x0000000082200000, 0x0000000082200000|100%| O|  |TAMS 0x0000000082100000| PB 0x0000000082100000| Untracked 
|  34|0x0000000082200000, 0x0000000082200000, 0x0000000082300000|  0%| F|  |TAMS 0x0000000082200000| PB 0x0000000082200000| Untracked 
|  35|0x0000000082300000, 0x0000000082400000, 0x0000000082400000|100%| O|  |TAMS 0x0000000082300000| PB 0x0000000082300000| Untracked 
|  36|0x0000000082400000, 0x0000000082500000, 0x0000000082500000|100%|HS|  |TAMS 0x0000000082400000| PB 0x0000000082400000| Complete 
|  37|0x0000000082500000, 0x0000000082600000, 0x0000000082600000|100%|HC|  |TAMS 0x0000000082500000| PB 0x0000000082500000| Complete 
|  38|0x0000000082600000, 0x0000000082700000, 0x0000000082700000|100%|HC|  |TAMS 0x0000000082600000| PB 0x0000000082600000| Complete 
|  39|0x0000000082700000, 0x0000000082800000, 0x0000000082800000|100%|HC|  |TAMS 0x0000000082700000| PB 0x0000000082700000| Complete 
|  40|0x0000000082800000, 0x0000000082900000, 0x0000000082900000|100%|HC|  |TAMS 0x0000000082800000| PB 0x0000000082800000| Complete 
|  41|0x0000000082900000, 0x0000000082a00000, 0x0000000082a00000|100%|HC|  |TAMS 0x0000000082900000| PB 0x0000000082900000| Complete 
|  42|0x0000000082a00000, 0x0000000082b00000, 0x0000000082b00000|100%|HS|  |TAMS 0x0000000082a00000| PB 0x0000000082a00000| Complete 
|  43|0x0000000082b00000, 0x0000000082c00000, 0x0000000082c00000|100%|HC|  |TAMS 0x0000000082b00000| PB 0x0000000082b00000| Complete 
|  44|0x0000000082c00000, 0x0000000082d00000, 0x0000000082d00000|100%|HC|  |TAMS 0x0000000082c00000| PB 0x0000000082c00000| Complete 
|  45|0x0000000082d00000, 0x0000000082e00000, 0x0000000082e00000|100%|HC|  |TAMS 0x0000000082d00000| PB 0x0000000082d00000| Complete 
|  46|0x0000000082e00000, 0x0000000082f00000, 0x0000000082f00000|100%| O|  |TAMS 0x0000000082e00000| PB 0x0000000082e00000| Untracked 
|  47|0x0000000082f00000, 0x0000000083000000, 0x0000000083000000|100%| O|  |TAMS 0x0000000082f00000| PB 0x0000000082f00000| Untracked 
|  48|0x0000000083000000, 0x0000000083100000, 0x0000000083100000|100%| O|  |TAMS 0x0000000083000000| PB 0x0000000083000000| Untracked 
|  49|0x0000000083100000, 0x0000000083200000, 0x0000000083200000|100%| O|Cm|TAMS 0x0000000083100000| PB 0x0000000083100000| Complete 
|  50|0x0000000083200000, 0x0000000083300000, 0x0000000083300000|100%| O|  |TAMS 0x0000000083200000| PB 0x0000000083200000| Untracked 
|  51|0x0000000083300000, 0x0000000083400000, 0x0000000083400000|100%| O|  |TAMS 0x0000000083300000| PB 0x0000000083300000| Untracked 
|  52|0x0000000083400000, 0x0000000083500000, 0x0000000083500000|100%| O|  |TAMS 0x0000000083400000| PB 0x0000000083400000| Untracked 
|  53|0x0000000083500000, 0x0000000083600000, 0x0000000083600000|100%| O|  |TAMS 0x0000000083500000| PB 0x0000000083500000| Untracked 
|  54|0x0000000083600000, 0x0000000083700000, 0x0000000083700000|100%| O|  |TAMS 0x0000000083600000| PB 0x0000000083600000| Untracked 
|  55|0x0000000083700000, 0x0000000083800000, 0x0000000083800000|100%| O|  |TAMS 0x0000000083700000| PB 0x0000000083700000| Untracked 
|  56|0x0000000083800000, 0x0000000083900000, 0x0000000083900000|100%| O|  |TAMS 0x0000000083800000| PB 0x0000000083800000| Untracked 
|  57|0x0000000083900000, 0x0000000083a00000, 0x0000000083a00000|100%| O|  |TAMS 0x0000000083900000| PB 0x0000000083900000| Untracked 
|  58|0x0000000083a00000, 0x0000000083b00000, 0x0000000083b00000|100%| O|  |TAMS 0x0000000083a00000| PB 0x0000000083a00000| Untracked 
|  59|0x0000000083b00000, 0x0000000083b2ea00, 0x0000000083c00000| 18%| O|  |TAMS 0x0000000083b00000| PB 0x0000000083b00000| Untracked 
|  60|0x0000000083c00000, 0x0000000083d00000, 0x0000000083d00000|100%| O|  |TAMS 0x0000000083c00000| PB 0x0000000083c00000| Untracked 
|  61|0x0000000083d00000, 0x0000000083e00000, 0x0000000083e00000|100%| O|  |TAMS 0x0000000083d00000| PB 0x0000000083d00000| Untracked 
|  62|0x0000000083e00000, 0x0000000083f00000, 0x0000000083f00000|100%| O|  |TAMS 0x0000000083e00000| PB 0x0000000083e00000| Untracked 
|  63|0x0000000083f00000, 0x0000000083f00000, 0x0000000084000000|  0%| F|  |TAMS 0x0000000083f00000| PB 0x0000000083f00000| Untracked 
|  64|0x0000000084000000, 0x0000000084000000, 0x0000000084100000|  0%| F|  |TAMS 0x0000000084000000| PB 0x0000000084000000| Untracked 
|  65|0x0000000084100000, 0x0000000084100000, 0x0000000084200000|  0%| F|  |TAMS 0x0000000084100000| PB 0x0000000084100000| Untracked 
|  66|0x0000000084200000, 0x0000000084200000, 0x0000000084300000|  0%| F|  |TAMS 0x0000000084200000| PB 0x0000000084200000| Untracked 
|  67|0x0000000084300000, 0x0000000084300000, 0x0000000084400000|  0%| F|  |TAMS 0x0000000084300000| PB 0x0000000084300000| Untracked 
|  68|0x0000000084400000, 0x0000000084400000, 0x0000000084500000|  0%| F|  |TAMS 0x0000000084400000| PB 0x0000000084400000| Untracked 
|  69|0x0000000084500000, 0x0000000084500000, 0x0000000084600000|  0%| F|  |TAMS 0x0000000084500000| PB 0x0000000084500000| Untracked 
|  70|0x0000000084600000, 0x0000000084600000, 0x0000000084700000|  0%| F|  |TAMS 0x0000000084600000| PB 0x0000000084600000| Untracked 
|  71|0x0000000084700000, 0x0000000084700000, 0x0000000084800000|  0%| F|  |TAMS 0x0000000084700000| PB 0x0000000084700000| Untracked 
|  72|0x0000000084800000, 0x0000000084800000, 0x0000000084900000|  0%| F|  |TAMS 0x0000000084800000| PB 0x0000000084800000| Untracked 
|  73|0x0000000084900000, 0x00000000849e2580, 0x0000000084a00000| 88%| S|CS|TAMS 0x0000000084900000| PB 0x0000000084900000| Complete 
|  74|0x0000000084a00000, 0x0000000084b00000, 0x0000000084b00000|100%| S|CS|TAMS 0x0000000084a00000| PB 0x0000000084a00000| Complete 
|  75|0x0000000084b00000, 0x0000000084c00000, 0x0000000084c00000|100%| S|CS|TAMS 0x0000000084b00000| PB 0x0000000084b00000| Complete 
|  76|0x0000000084c00000, 0x0000000084d00000, 0x0000000084d00000|100%| S|CS|TAMS 0x0000000084c00000| PB 0x0000000084c00000| Complete 
|  77|0x0000000084d00000, 0x0000000084d00000, 0x0000000084e00000|  0%| F|  |TAMS 0x0000000084d00000| PB 0x0000000084d00000| Untracked 
|  78|0x0000000084e00000, 0x0000000084e00000, 0x0000000084f00000|  0%| F|  |TAMS 0x0000000084e00000| PB 0x0000000084e00000| Untracked 
|  79|0x0000000084f00000, 0x0000000084f00000, 0x0000000085000000|  0%| F|  |TAMS 0x0000000084f00000| PB 0x0000000084f00000| Untracked 
|  80|0x0000000085000000, 0x0000000085000000, 0x0000000085100000|  0%| F|  |TAMS 0x0000000085000000| PB 0x0000000085000000| Untracked 
|  81|0x0000000085100000, 0x0000000085200000, 0x0000000085200000|100%| S|CS|TAMS 0x0000000085100000| PB 0x0000000085100000| Complete 
|  82|0x0000000085200000, 0x0000000085300000, 0x0000000085300000|100%| S|CS|TAMS 0x0000000085200000| PB 0x0000000085200000| Complete 
|  83|0x0000000085300000, 0x0000000085300000, 0x0000000085400000|  0%| F|  |TAMS 0x0000000085300000| PB 0x0000000085300000| Untracked 
|  84|0x0000000085400000, 0x0000000085400000, 0x0000000085500000|  0%| F|  |TAMS 0x0000000085400000| PB 0x0000000085400000| Untracked 
|  85|0x0000000085500000, 0x0000000085500000, 0x0000000085600000|  0%| F|  |TAMS 0x0000000085500000| PB 0x0000000085500000| Untracked 
|  86|0x0000000085600000, 0x0000000085600000, 0x0000000085700000|  0%| F|  |TAMS 0x0000000085600000| PB 0x0000000085600000| Untracked 
|  87|0x0000000085700000, 0x0000000085700000, 0x0000000085800000|  0%| F|  |TAMS 0x0000000085700000| PB 0x0000000085700000| Untracked 
|  88|0x0000000085800000, 0x0000000085800000, 0x0000000085900000|  0%| F|  |TAMS 0x0000000085800000| PB 0x0000000085800000| Untracked 
|  89|0x0000000085900000, 0x0000000085900000, 0x0000000085a00000|  0%| F|  |TAMS 0x0000000085900000| PB 0x0000000085900000| Untracked 
|  90|0x0000000085a00000, 0x0000000085a00000, 0x0000000085b00000|  0%| F|  |TAMS 0x0000000085a00000| PB 0x0000000085a00000| Untracked 
|  91|0x0000000085b00000, 0x0000000085b00000, 0x0000000085c00000|  0%| F|  |TAMS 0x0000000085b00000| PB 0x0000000085b00000| Untracked 
|  92|0x0000000085c00000, 0x0000000085c00000, 0x0000000085d00000|  0%| F|  |TAMS 0x0000000085c00000| PB 0x0000000085c00000| Untracked 
|  93|0x0000000085d00000, 0x0000000085d00000, 0x0000000085e00000|  0%| F|  |TAMS 0x0000000085d00000| PB 0x0000000085d00000| Untracked 
|  94|0x0000000085e00000, 0x0000000085e00000, 0x0000000085f00000|  0%| F|  |TAMS 0x0000000085e00000| PB 0x0000000085e00000| Untracked 
|  95|0x0000000085f00000, 0x0000000085f00000, 0x0000000086000000|  0%| F|  |TAMS 0x0000000085f00000| PB 0x0000000085f00000| Untracked 
|  96|0x0000000086000000, 0x0000000086000000, 0x0000000086100000|  0%| F|  |TAMS 0x0000000086000000| PB 0x0000000086000000| Untracked 
|  97|0x0000000086100000, 0x0000000086100000, 0x0000000086200000|  0%| F|  |TAMS 0x0000000086100000| PB 0x0000000086100000| Untracked 
|  98|0x0000000086200000, 0x0000000086200000, 0x0000000086300000|  0%| F|  |TAMS 0x0000000086200000| PB 0x0000000086200000| Untracked 
|  99|0x0000000086300000, 0x0000000086300000, 0x0000000086400000|  0%| F|  |TAMS 0x0000000086300000| PB 0x0000000086300000| Untracked 
| 100|0x0000000086400000, 0x0000000086400000, 0x0000000086500000|  0%| F|  |TAMS 0x0000000086400000| PB 0x0000000086400000| Untracked 
| 101|0x0000000086500000, 0x0000000086500000, 0x0000000086600000|  0%| F|  |TAMS 0x0000000086500000| PB 0x0000000086500000| Untracked 
| 102|0x0000000086600000, 0x0000000086680000, 0x0000000086700000| 50%| E|  |TAMS 0x0000000086600000| PB 0x0000000086600000| Complete 
| 103|0x0000000086700000, 0x0000000086800000, 0x0000000086800000|100%| E|CS|TAMS 0x0000000086700000| PB 0x0000000086700000| Complete 
| 104|0x0000000086800000, 0x0000000086900000, 0x0000000086900000|100%| E|CS|TAMS 0x0000000086800000| PB 0x0000000086800000| Complete 
| 105|0x0000000086900000, 0x0000000086a00000, 0x0000000086a00000|100%| E|CS|TAMS 0x0000000086900000| PB 0x0000000086900000| Complete 
| 106|0x0000000086a00000, 0x0000000086b00000, 0x0000000086b00000|100%| E|CS|TAMS 0x0000000086a00000| PB 0x0000000086a00000| Complete 
| 107|0x0000000086b00000, 0x0000000086c00000, 0x0000000086c00000|100%| E|CS|TAMS 0x0000000086b00000| PB 0x0000000086b00000| Complete 
| 108|0x0000000086c00000, 0x0000000086d00000, 0x0000000086d00000|100%| E|CS|TAMS 0x0000000086c00000| PB 0x0000000086c00000| Complete 
| 109|0x0000000086d00000, 0x0000000086e00000, 0x0000000086e00000|100%| E|CS|TAMS 0x0000000086d00000| PB 0x0000000086d00000| Complete 
| 110|0x0000000086e00000, 0x0000000086f00000, 0x0000000086f00000|100%| E|CS|TAMS 0x0000000086e00000| PB 0x0000000086e00000| Complete 
| 111|0x0000000086f00000, 0x0000000087000000, 0x0000000087000000|100%| E|CS|TAMS 0x0000000086f00000| PB 0x0000000086f00000| Complete 
| 112|0x0000000087000000, 0x0000000087100000, 0x0000000087100000|100%| E|CS|TAMS 0x0000000087000000| PB 0x0000000087000000| Complete 
| 113|0x0000000087100000, 0x0000000087200000, 0x0000000087200000|100%| E|CS|TAMS 0x0000000087100000| PB 0x0000000087100000| Complete 
| 114|0x0000000087200000, 0x0000000087300000, 0x0000000087300000|100%| E|  |TAMS 0x0000000087200000| PB 0x0000000087200000| Complete 
| 115|0x0000000087300000, 0x0000000087400000, 0x0000000087400000|100%| E|CS|TAMS 0x0000000087300000| PB 0x0000000087300000| Complete 
| 116|0x0000000087400000, 0x0000000087500000, 0x0000000087500000|100%| E|CS|TAMS 0x0000000087400000| PB 0x0000000087400000| Complete 
| 117|0x0000000087500000, 0x0000000087600000, 0x0000000087600000|100%| E|CS|TAMS 0x0000000087500000| PB 0x0000000087500000| Complete 
| 118|0x0000000087600000, 0x0000000087700000, 0x0000000087700000|100%| E|CS|TAMS 0x0000000087600000| PB 0x0000000087600000| Complete 
| 119|0x0000000087700000, 0x0000000087800000, 0x0000000087800000|100%| E|CS|TAMS 0x0000000087700000| PB 0x0000000087700000| Complete 
| 120|0x0000000087800000, 0x0000000087900000, 0x0000000087900000|100%| E|CS|TAMS 0x0000000087800000| PB 0x0000000087800000| Complete 
| 121|0x0000000087900000, 0x0000000087a00000, 0x0000000087a00000|100%| E|CS|TAMS 0x0000000087900000| PB 0x0000000087900000| Complete 
| 122|0x0000000087a00000, 0x0000000087b00000, 0x0000000087b00000|100%| E|CS|TAMS 0x0000000087a00000| PB 0x0000000087a00000| Complete 
| 123|0x0000000087b00000, 0x0000000087c00000, 0x0000000087c00000|100%| E|CS|TAMS 0x0000000087b00000| PB 0x0000000087b00000| Complete 
| 124|0x0000000087c00000, 0x0000000087d00000, 0x0000000087d00000|100%| E|CS|TAMS 0x0000000087c00000| PB 0x0000000087c00000| Complete 
| 125|0x0000000087d00000, 0x0000000087e00000, 0x0000000087e00000|100%| E|CS|TAMS 0x0000000087d00000| PB 0x0000000087d00000| Complete 
| 126|0x0000000087e00000, 0x0000000087f00000, 0x0000000087f00000|100%| E|CS|TAMS 0x0000000087e00000| PB 0x0000000087e00000| Complete 
| 127|0x0000000087f00000, 0x0000000088000000, 0x0000000088000000|100%| E|CS|TAMS 0x0000000087f00000| PB 0x0000000087f00000| Complete 
| 128|0x0000000088000000, 0x0000000088100000, 0x0000000088100000|100%| E|CS|TAMS 0x0000000088000000| PB 0x0000000088000000| Complete 
| 129|0x0000000088100000, 0x0000000088200000, 0x0000000088200000|100%| E|CS|TAMS 0x0000000088100000| PB 0x0000000088100000| Complete 
| 130|0x0000000088200000, 0x0000000088300000, 0x0000000088300000|100%| E|CS|TAMS 0x0000000088200000| PB 0x0000000088200000| Complete 
| 131|0x0000000088300000, 0x0000000088400000, 0x0000000088400000|100%| E|CS|TAMS 0x0000000088300000| PB 0x0000000088300000| Complete 
| 132|0x0000000088400000, 0x0000000088500000, 0x0000000088500000|100%| E|CS|TAMS 0x0000000088400000| PB 0x0000000088400000| Complete 
| 133|0x0000000088500000, 0x0000000088600000, 0x0000000088600000|100%| E|CS|TAMS 0x0000000088500000| PB 0x0000000088500000| Complete 
| 134|0x0000000088600000, 0x0000000088700000, 0x0000000088700000|100%| E|CS|TAMS 0x0000000088600000| PB 0x0000000088600000| Complete 
| 135|0x0000000088700000, 0x0000000088800000, 0x0000000088800000|100%| E|CS|TAMS 0x0000000088700000| PB 0x0000000088700000| Complete 
| 136|0x0000000088800000, 0x0000000088900000, 0x0000000088900000|100%| E|CS|TAMS 0x0000000088800000| PB 0x0000000088800000| Complete 
| 137|0x0000000088900000, 0x0000000088a00000, 0x0000000088a00000|100%| E|CS|TAMS 0x0000000088900000| PB 0x0000000088900000| Complete 
| 138|0x0000000088a00000, 0x0000000088b00000, 0x0000000088b00000|100%| E|CS|TAMS 0x0000000088a00000| PB 0x0000000088a00000| Complete 
| 139|0x0000000088b00000, 0x0000000088c00000, 0x0000000088c00000|100%| E|CS|TAMS 0x0000000088b00000| PB 0x0000000088b00000| Complete 
| 140|0x0000000088c00000, 0x0000000088d00000, 0x0000000088d00000|100%| E|CS|TAMS 0x0000000088c00000| PB 0x0000000088c00000| Complete 
| 141|0x0000000088d00000, 0x0000000088e00000, 0x0000000088e00000|100%| E|CS|TAMS 0x0000000088d00000| PB 0x0000000088d00000| Complete 
| 142|0x0000000088e00000, 0x0000000088f00000, 0x0000000088f00000|100%| E|CS|TAMS 0x0000000088e00000| PB 0x0000000088e00000| Complete 
| 143|0x0000000088f00000, 0x0000000089000000, 0x0000000089000000|100%| E|CS|TAMS 0x0000000088f00000| PB 0x0000000088f00000| Complete 
| 144|0x0000000089000000, 0x0000000089100000, 0x0000000089100000|100%| E|CS|TAMS 0x0000000089000000| PB 0x0000000089000000| Complete 
| 145|0x0000000089100000, 0x0000000089200000, 0x0000000089200000|100%| E|CS|TAMS 0x0000000089100000| PB 0x0000000089100000| Complete 
| 146|0x0000000089200000, 0x0000000089300000, 0x0000000089300000|100%| E|CS|TAMS 0x0000000089200000| PB 0x0000000089200000| Complete 
| 147|0x0000000089300000, 0x0000000089400000, 0x0000000089400000|100%| E|CS|TAMS 0x0000000089300000| PB 0x0000000089300000| Complete 
| 148|0x0000000089400000, 0x0000000089500000, 0x0000000089500000|100%| E|CS|TAMS 0x0000000089400000| PB 0x0000000089400000| Complete 
| 149|0x0000000089500000, 0x0000000089600000, 0x0000000089600000|100%| E|CS|TAMS 0x0000000089500000| PB 0x0000000089500000| Complete 
| 150|0x0000000089600000, 0x0000000089700000, 0x0000000089700000|100%| E|CS|TAMS 0x0000000089600000| PB 0x0000000089600000| Complete 
| 186|0x000000008ba00000, 0x000000008bb00000, 0x000000008bb00000|100%| E|CS|TAMS 0x000000008ba00000| PB 0x000000008ba00000| Complete 
| 187|0x000000008bb00000, 0x000000008bc00000, 0x000000008bc00000|100%| E|CS|TAMS 0x000000008bb00000| PB 0x000000008bb00000| Complete 
|2039|0x00000000ff700000, 0x00000000ff800000, 0x00000000ff800000|100%| E|CS|TAMS 0x00000000ff700000| PB 0x00000000ff700000| Complete 
|2040|0x00000000ff800000, 0x00000000ff900000, 0x00000000ff900000|100%| O|  |TAMS 0x00000000ff800000| PB 0x00000000ff800000| Untracked 
|2041|0x00000000ff900000, 0x00000000ffa00000, 0x00000000ffa00000|100%| O|  |TAMS 0x00000000ff900000| PB 0x00000000ff900000| Untracked 
|2042|0x00000000ffa00000, 0x00000000ffb00000, 0x00000000ffb00000|100%| O|  |TAMS 0x00000000ffa00000| PB 0x00000000ffa00000| Untracked 
|2043|0x00000000ffb00000, 0x00000000ffc00000, 0x00000000ffc00000|100%| O|  |TAMS 0x00000000ffb00000| PB 0x00000000ffb00000| Untracked 
|2044|0x00000000ffc00000, 0x00000000ffd00000, 0x00000000ffd00000|100%| E|CS|TAMS 0x00000000ffc00000| PB 0x00000000ffc00000| Complete 
|2045|0x00000000ffd00000, 0x00000000ffe00000, 0x00000000ffe00000|100%| O|  |TAMS 0x00000000ffd00000| PB 0x00000000ffd00000| Untracked 
|2046|0x00000000ffe00000, 0x00000000fff00000, 0x00000000fff00000|100%| O|  |TAMS 0x00000000ffe00000| PB 0x00000000ffe00000| Untracked 
|2047|0x00000000fff00000, 0x0000000100000000, 0x0000000100000000|100%| O|  |TAMS 0x00000000fff00000| PB 0x00000000fff00000| Untracked 

Card table byte_map: [0x00000213e2f10000,0x00000213e3310000] _byte_map_base: 0x00000213e2b10000

Marking Bits: (CMBitMap*) 0x00000213d06e5be0
 Bits: [0x00000213e3310000, 0x00000213e5310000)

Polling page: 0x00000213cfe10000

Metaspace:

Usage:
  Non-class:     51.58 MB used.
      Class:      8.20 MB used.
       Both:     59.78 MB used.

Virtual space:
  Non-class space:       64.00 MB reserved,      52.31 MB ( 82%) committed,  1 nodes.
      Class space:        1.00 GB reserved,       8.88 MB ( <1%) committed,  1 nodes.
             Both:        1.06 GB reserved,      61.19 MB (  6%) committed. 

Chunk freelists:
   Non-Class:  11.11 MB
       Class:  7.09 MB
        Both:  18.20 MB

MaxMetaspaceSize: unlimited
CompressedClassSpaceSize: 1.00 GB
Initial GC threshold: 21.00 MB
Current GC threshold: 101.81 MB
CDS: off
 - commit_granule_bytes: 65536.
 - commit_granule_words: 8192.
 - virtual_space_node_default_size: 8388608.
 - enlarge_chunks_in_place: 1.
 - use_allocation_guard: 0.


Internal statistics:

num_allocs_failed_limit: 3.
num_arena_births: 2520.
num_arena_deaths: 4.
num_vsnodes_births: 2.
num_vsnodes_deaths: 0.
num_space_committed: 979.
num_space_uncommitted: 0.
num_chunks_returned_to_freelist: 9.
num_chunks_taken_from_freelist: 4849.
num_chunk_merges: 3.
num_chunk_splits: 3143.
num_chunks_enlarged: 1950.
num_inconsistent_stats: 0.

CodeHeap 'non-profiled nmethods': size=120000Kb used=4069Kb max_used=4235Kb free=115930Kb
 bounds [0x00000213db2b0000, 0x00000213db6e0000, 0x00000213e27e0000]
CodeHeap 'profiled nmethods': size=120000Kb used=10272Kb max_used=11734Kb free=109727Kb
 bounds [0x00000213d37e0000, 0x00000213d4370000, 0x00000213dad10000]
CodeHeap 'non-nmethods': size=5760Kb used=2963Kb max_used=3043Kb free=2796Kb
 bounds [0x00000213dad10000, 0x00000213db010000, 0x00000213db2b0000]
 total_blobs=6385 nmethods=5513 adapters=775
 compilation: enabled
              stopped_count=0, restarted_count=0
 full_count=0

Compilation events (20 events):
Event: 11.667 Thread 0x00000213ec0d3780 nmethod 6929 0x00000213db626510 code [0x00000213db6266a0, 0x00000213db626710]
Event: 11.667 Thread 0x00000213ec0d3780 6931       4       org.apache.commons.compress.archivers.zip.NioZipEncoding::encode (286 bytes)
Event: 11.684 Thread 0x00000213ec0d3780 nmethod 6931 0x00000213db44ca10 code [0x00000213db44cd00, 0x00000213db44da90]
Event: 11.684 Thread 0x00000213ec0d3780 6932       4       java.util.zip.ZipEntry::setExtra0 (493 bytes)
Event: 11.690 Thread 0x00000213ec0d3780 nmethod 6932 0x00000213db44be90 code [0x00000213db44c080, 0x00000213db44c610]
Event: 11.691 Thread 0x00000213ec0d3780 6934       4       org.objectweb.asm.SymbolTable::addConstantNameAndType (137 bytes)
Event: 11.706 Thread 0x00000213ec0dcd80 6935       3       org.gradle.internal.classpath.generated.InterceptorDeclaration_ConfigCacheJvmBytecode::loadOwnerBinaryClassName (9 bytes)
Event: 11.707 Thread 0x00000213ec0dcd80 nmethod 6935 0x00000213d392b910 code [0x00000213d392bae0, 0x00000213d392bdd8]
Event: 11.707 Thread 0x00000213ec0dcd80 6936       3       org.gradle.internal.classpath.generated.InterceptorDeclaration_ConfigCacheJvmBytecode::binaryClassNameOf (8 bytes)
Event: 11.707 Thread 0x00000213ec0dcd80 nmethod 6936 0x00000213d39e8010 code [0x00000213d39e81c0, 0x00000213d39e8310]
Event: 11.714 Thread 0x00000213ec0d3780 nmethod 6934 0x00000213db50a690 code [0x00000213db50a900, 0x00000213db50b878]
Event: 11.714 Thread 0x00000213ec0d3780 6927       4       java.nio.MappedByteBuffer::position (6 bytes)
Event: 11.715 Thread 0x00000213ec0d3780 nmethod 6927 0x00000213db44ba90 code [0x00000213db44bc20, 0x00000213db44bd30]
Event: 11.715 Thread 0x00000213ec0d3780 6912   !   4       org.gradle.internal.classpath.transforms.BaseClasspathElementTransform::visitEntry (95 bytes)
Event: 11.721 Thread 0x00000213ec0dcd80 6939       3       org.objectweb.asm.ClassWriter::toByteArray (1535 bytes)
Event: 11.727 Thread 0x00000213ec0dcd80 nmethod 6939 0x00000213d4232710 code [0x00000213d4233040, 0x00000213d4236c28]
Event: 11.727 Thread 0x00000213ec0dcd80 6940       3       org.objectweb.asm.ClassReader::accept (1412 bytes)
Event: 11.737 Thread 0x00000213ec0dcd80 nmethod 6940 0x00000213d4249810 code [0x00000213d424a3e0, 0x00000213d42513a0]
Event: 11.737 Thread 0x00000213ec0dcd80 6941       3       org.objectweb.asm.Context::<init> (5 bytes)
Event: 11.737 Thread 0x00000213ec0dcd80 nmethod 6941 0x00000213d3a74510 code [0x00000213d3a746c0, 0x00000213d3a74828]

GC Heap History (20 events):
Event: 9.541 GC heap before
{Heap before GC invocations=20 (full 0):
 garbage-first heap   total 138240K, used 120532K [0x0000000080000000, 0x0000000100000000)
  region size 1024K, 49 young (50176K), 3 survivors (3072K)
 Metaspace       used 60899K, committed 62272K, reserved 1114112K
  class space    used 8362K, committed 9024K, reserved 1048576K
}
Event: 9.545 GC heap after
{Heap after GC invocations=21 (full 0):
 garbage-first heap   total 138240K, used 72327K [0x0000000080000000, 0x0000000100000000)
  region size 1024K, 3 young (3072K), 3 survivors (3072K)
 Metaspace       used 60899K, committed 62272K, reserved 1114112K
  class space    used 8362K, committed 9024K, reserved 1048576K
}
Event: 9.890 GC heap before
{Heap before GC invocations=21 (full 0):
 garbage-first heap   total 138240K, used 122503K [0x0000000080000000, 0x0000000100000000)
  region size 1024K, 52 young (53248K), 3 survivors (3072K)
 Metaspace       used 61099K, committed 62528K, reserved 1114112K
  class space    used 8391K, committed 9088K, reserved 1048576K
}
Event: 9.894 GC heap after
{Heap after GC invocations=22 (full 0):
 garbage-first heap   total 138240K, used 71831K [0x0000000080000000, 0x0000000100000000)
  region size 1024K, 3 young (3072K), 3 survivors (3072K)
 Metaspace       used 61099K, committed 62528K, reserved 1114112K
  class space    used 8391K, committed 9088K, reserved 1048576K
}
Event: 10.243 GC heap before
{Heap before GC invocations=22 (full 0):
 garbage-first heap   total 138240K, used 126103K [0x0000000080000000, 0x0000000100000000)
  region size 1024K, 56 young (57344K), 3 survivors (3072K)
 Metaspace       used 61126K, committed 62528K, reserved 1114112K
  class space    used 8392K, committed 9088K, reserved 1048576K
}
Event: 10.246 GC heap after
{Heap after GC invocations=23 (full 0):
 garbage-first heap   total 138240K, used 72378K [0x0000000080000000, 0x0000000100000000)
  region size 1024K, 4 young (4096K), 4 survivors (4096K)
 Metaspace       used 61126K, committed 62528K, reserved 1114112K
  class space    used 8392K, committed 9088K, reserved 1048576K
}
Event: 10.457 GC heap before
{Heap before GC invocations=24 (full 0):
 garbage-first heap   total 138240K, used 124602K [0x0000000080000000, 0x0000000100000000)
  region size 1024K, 55 young (56320K), 4 survivors (4096K)
 Metaspace       used 61131K, committed 62528K, reserved 1114112K
  class space    used 8392K, committed 9088K, reserved 1048576K
}
Event: 10.461 GC heap after
{Heap after GC invocations=25 (full 0):
 garbage-first heap   total 138240K, used 72816K [0x0000000080000000, 0x0000000100000000)
  region size 1024K, 4 young (4096K), 4 survivors (4096K)
 Metaspace       used 61131K, committed 62528K, reserved 1114112K
  class space    used 8392K, committed 9088K, reserved 1048576K
}
Event: 10.660 GC heap before
{Heap before GC invocations=25 (full 0):
 garbage-first heap   total 138240K, used 125040K [0x0000000080000000, 0x0000000100000000)
  region size 1024K, 55 young (56320K), 4 survivors (4096K)
 Metaspace       used 61145K, committed 62528K, reserved 1114112K
  class space    used 8392K, committed 9088K, reserved 1048576K
}
Event: 10.665 GC heap after
{Heap after GC invocations=26 (full 0):
 garbage-first heap   total 138240K, used 72846K [0x0000000080000000, 0x0000000100000000)
  region size 1024K, 4 young (4096K), 4 survivors (4096K)
 Metaspace       used 61145K, committed 62528K, reserved 1114112K
  class space    used 8392K, committed 9088K, reserved 1048576K
}
Event: 10.856 GC heap before
{Heap before GC invocations=26 (full 0):
 garbage-first heap   total 138240K, used 125070K [0x0000000080000000, 0x0000000100000000)
  region size 1024K, 55 young (56320K), 4 survivors (4096K)
 Metaspace       used 61163K, committed 62528K, reserved 1114112K
  class space    used 8392K, committed 9088K, reserved 1048576K
}
Event: 10.860 GC heap after
{Heap after GC invocations=27 (full 0):
 garbage-first heap   total 165888K, used 73162K [0x0000000080000000, 0x0000000100000000)
  region size 1024K, 4 young (4096K), 4 survivors (4096K)
 Metaspace       used 61163K, committed 62528K, reserved 1114112K
  class space    used 8392K, committed 9088K, reserved 1048576K
}
Event: 11.128 GC heap before
{Heap before GC invocations=28 (full 0):
 garbage-first heap   total 165888K, used 150986K [0x0000000080000000, 0x0000000100000000)
  region size 1024K, 80 young (81920K), 4 survivors (4096K)
 Metaspace       used 61180K, committed 62528K, reserved 1114112K
  class space    used 8392K, committed 9088K, reserved 1048576K
}
Event: 11.132 GC heap after
{Heap after GC invocations=29 (full 0):
 garbage-first heap   total 165888K, used 73972K [0x0000000080000000, 0x0000000100000000)
  region size 1024K, 4 young (4096K), 4 survivors (4096K)
 Metaspace       used 61180K, committed 62528K, reserved 1114112K
  class space    used 8392K, committed 9088K, reserved 1048576K
}
Event: 11.346 GC heap before
{Heap before GC invocations=29 (full 0):
 garbage-first heap   total 165888K, used 151796K [0x0000000080000000, 0x0000000100000000)
  region size 1024K, 80 young (81920K), 4 survivors (4096K)
 Metaspace       used 61183K, committed 62592K, reserved 1114112K
  class space    used 8392K, committed 9088K, reserved 1048576K
}
Event: 11.351 GC heap after
{Heap after GC invocations=30 (full 0):
 garbage-first heap   total 165888K, used 74341K [0x0000000080000000, 0x0000000100000000)
  region size 1024K, 5 young (5120K), 5 survivors (5120K)
 Metaspace       used 61183K, committed 62592K, reserved 1114112K
  class space    used 8392K, committed 9088K, reserved 1048576K
}
Event: 11.578 GC heap before
{Heap before GC invocations=30 (full 0):
 garbage-first heap   total 165888K, used 150117K [0x0000000080000000, 0x0000000100000000)
  region size 1024K, 79 young (80896K), 5 survivors (5120K)
 Metaspace       used 61190K, committed 62656K, reserved 1114112K
  class space    used 8393K, committed 9088K, reserved 1048576K
}
Event: 11.583 GC heap after
{Heap after GC invocations=31 (full 0):
 garbage-first heap   total 165888K, used 75136K [0x0000000080000000, 0x0000000100000000)
  region size 1024K, 6 young (6144K), 6 survivors (6144K)
 Metaspace       used 61190K, committed 62656K, reserved 1114112K
  class space    used 8393K, committed 9088K, reserved 1048576K
}
Event: 11.802 GC heap before
{Heap before GC invocations=32 (full 0):
 garbage-first heap   total 165888K, used 148864K [0x0000000080000000, 0x0000000100000000)
  region size 1024K, 78 young (79872K), 6 survivors (6144K)
 Metaspace       used 61178K, committed 62656K, reserved 1114112K
  class space    used 8390K, committed 9088K, reserved 1048576K
}
Event: 11.807 GC heap after
{Heap after GC invocations=33 (full 0):
 garbage-first heap   total 165888K, used 75843K [0x0000000080000000, 0x0000000100000000)
  region size 1024K, 6 young (6144K), 6 survivors (6144K)
 Metaspace       used 61178K, committed 62656K, reserved 1114112K
  class space    used 8390K, committed 9088K, reserved 1048576K
}

Dll operation events (3 events):
Event: 0.011 Loaded shared library C:\Program Files\Android\Android Studio\jbr\bin\java.dll
Event: 0.017 Loaded shared library C:\Program Files\Android\Android Studio\jbr\bin\zip.dll
Event: 0.452 Loaded shared library C:\Program Files\Android\Android Studio\jbr\bin\verify.dll

Deoptimization events (20 events):
Event: 11.719 Thread 0x00000213edd35100 Uncommon trap: trap_request=0xffffff45 fr.pc=0x00000213db6a4e9c relative=0x0000000000002adc
Event: 11.719 Thread 0x00000213edd35100 Uncommon trap: reason=unstable_if action=reinterpret pc=0x00000213db6a4e9c method=org.objectweb.asm.ClassWriter.toByteArray()[B @ 161 c2
Event: 11.719 Thread 0x00000213edd35100 DEOPT PACKING pc=0x00000213db6a4e9c sp=0x000000f8555f5100
Event: 11.719 Thread 0x00000213edd35100 DEOPT UNPACKING pc=0x00000213dad67da2 sp=0x000000f8555f50c0 mode 2
Event: 11.730 Thread 0x00000213edd35100 DEOPT PACKING pc=0x00000213d42f824b sp=0x000000f8555f4b40
Event: 11.730 Thread 0x00000213edd35100 DEOPT UNPACKING pc=0x00000213dad688e2 sp=0x000000f8555f4250 mode 0
Event: 11.740 Thread 0x00000213edd35100 DEOPT PACKING pc=0x00000213d42f7c78 sp=0x000000f8555f49d0
Event: 11.740 Thread 0x00000213edd35100 DEOPT UNPACKING pc=0x00000213dad688e2 sp=0x000000f8555f40e0 mode 0
Event: 11.761 Thread 0x00000213edd35100 DEOPT PACKING pc=0x00000213d42f81a6 sp=0x000000f8555f49d0
Event: 11.762 Thread 0x00000213edd35100 DEOPT UNPACKING pc=0x00000213dad688e2 sp=0x000000f8555f40e0 mode 0
Event: 11.769 Thread 0x00000213edd35100 DEOPT PACKING pc=0x00000213d42f81a6 sp=0x000000f8555f49d0
Event: 11.769 Thread 0x00000213edd35100 DEOPT UNPACKING pc=0x00000213dad688e2 sp=0x000000f8555f40e0 mode 0
Event: 11.784 Thread 0x00000213edd35100 DEOPT PACKING pc=0x00000213d42f7c78 sp=0x000000f8555f49d0
Event: 11.784 Thread 0x00000213edd35100 DEOPT UNPACKING pc=0x00000213dad688e2 sp=0x000000f8555f40e0 mode 0
Event: 11.808 Thread 0x00000213edd35100 DEOPT PACKING pc=0x00000213d42f81a6 sp=0x000000f8555f49d0
Event: 11.808 Thread 0x00000213edd35100 DEOPT UNPACKING pc=0x00000213dad688e2 sp=0x000000f8555f40e0 mode 0
Event: 11.825 Thread 0x00000213edd35100 DEOPT PACKING pc=0x00000213d42f81a6 sp=0x000000f8555f49d0
Event: 11.825 Thread 0x00000213edd35100 DEOPT UNPACKING pc=0x00000213dad688e2 sp=0x000000f8555f40e0 mode 0
Event: 11.881 Thread 0x00000213edd35100 DEOPT PACKING pc=0x00000213d42f81a6 sp=0x000000f8555f49d0
Event: 11.881 Thread 0x00000213edd35100 DEOPT UNPACKING pc=0x00000213dad688e2 sp=0x000000f8555f40e0 mode 0

Classes loaded (20 events):
Event: 9.114 Loading class java/util/stream/DistinctOps
Event: 9.115 Loading class java/util/stream/DistinctOps done
Event: 9.115 Loading class java/util/stream/DistinctOps$1
Event: 9.115 Loading class java/util/stream/ReferencePipeline$StatefulOp
Event: 9.115 Loading class java/util/stream/ReferencePipeline$StatefulOp done
Event: 9.115 Loading class java/util/stream/DistinctOps$1 done
Event: 9.115 Loading class java/util/stream/DistinctOps$1$2
Event: 9.116 Loading class java/util/stream/DistinctOps$1$2 done
Event: 9.134 Loading class sun/reflect/ReflectionFactory
Event: 9.135 Loading class sun/reflect/ReflectionFactory done
Event: 9.135 Loading class sun/reflect/ReflectionFactory$1
Event: 9.135 Loading class sun/reflect/ReflectionFactory$1 done
Event: 9.202 Loading class java/security/Key
Event: 9.202 Loading class java/security/Key done
Event: 9.512 Loading class sun/nio/fs/WindowsSecurity$Privilege
Event: 9.512 Loading class sun/nio/fs/WindowsSecurity$Privilege done
Event: 10.198 Loading class java/lang/foreign/MemorySegment
Event: 10.199 Loading class java/lang/foreign/MemorySegment done
Event: 12.445 Loading class java/util/concurrent/LinkedBlockingDeque$Itr
Event: 12.588 Loading class java/util/concurrent/LinkedBlockingDeque$AbstractItr

Classes unloaded (5 events):
Event: 9.293 Thread 0x00000213ec02fba0 Unloading class 0x0000000100784558 '_BuildScript_$_run_closure1'
Event: 9.293 Thread 0x00000213ec02fba0 Unloading class 0x0000000100784000 '_BuildScript_'
Event: 11.620 Thread 0x00000213ec02fba0 Unloading class 0x0000000100822968 '_BuildScript_$_run_closure1$_closure2'
Event: 11.620 Thread 0x00000213ec02fba0 Unloading class 0x0000000100822558 '_BuildScript_$_run_closure1'
Event: 11.620 Thread 0x00000213ec02fba0 Unloading class 0x0000000100822000 '_BuildScript_'

Classes redefined (0 events):
No events

Internal exceptions (20 events):
Event: 8.786 Thread 0x00000213edd35100 Exception <a 'java/lang/NoSuchMethodError'{0x0000000084c65360}: 'int java.lang.invoke.DirectMethodHandle$Holder.invokeInterface(java.lang.Object, java.lang.Object, java.lang.Object, java.lang.Object)'> (0x0000000084c65360) 
thrown [s\src\hotspot\share\interpreter\linkResolver.cpp, line 784]
Event: 8.835 Thread 0x00000213edd35100 Exception <a 'java/lang/NoSuchMethodError'{0x00000000849c5d50}: 'java.lang.Object java.lang.invoke.DirectMethodHandle$Holder.newInvokeSpecial(java.lang.Object, java.lang.Object, java.lang.Object, java.lang.Object, java.lang.Object, java.lang.Object, java.lang.Object, java.lang.Object, java.lang.Object, java.lang.Object, java.lang.Object, java.lang.Object, java.lang.Object, java.lang.Object, java.lang.Object, java.lang.Object, java.lang.Object, java.lang.Object, java.lang.Object, java.lang.Object, java.lang
Event: 8.835 Thread 0x00000213edd35100 Exception <a 'java/lang/NoSuchMethodError'{0x00000000849cda88}: 'java.lang.Object java.lang.invoke.DirectMethodHandle$Holder.invokeSpecial(java.lang.Object, java.lang.Object, java.lang.Object, java.lang.Object, java.lang.Object, java.lang.Object, java.lang.Object, java.lang.Object, java.lang.Object, java.lang.Object, java.lang.Object, java.lang.Object, java.lang.Object, java.lang.Object, java.lang.Object, java.lang.Object, java.lang.Object, java.lang.Object, java.lang.Object, java.lang.Object, java.lang.Ob
Event: 8.835 Thread 0x00000213edd35100 Exception <a 'java/lang/NoSuchMethodError'{0x00000000849d4300}: 'java.lang.Object java.lang.invoke.DelegatingMethodHandle$Holder.reinvoke_L(java.lang.Object, java.lang.Object, java.lang.Object, java.lang.Object, java.lang.Object, java.lang.Object, java.lang.Object, java.lang.Object, java.lang.Object, java.lang.Object, java.lang.Object, java.lang.Object, java.lang.Object, java.lang.Object, java.lang.Object, java.lang.Object, java.lang.Object, java.lang.Object, java.lang.Object, java.lang.Object, java.lang.O
Event: 8.880 Thread 0x00000213edd35100 Implicit null exception at 0x00000213db4c5a6f to 0x00000213db4c5b20
Event: 8.886 Thread 0x00000213edd35100 Exception <a 'java/lang/ClassNotFoundException'{0x000000008bbad6c0}: org/gradle/api/internal/artifacts/dsl/dependencies/DefaultDependencyHandler_DecoratedBeanInfo> (0x000000008bbad6c0) 
thrown [s\src\hotspot\share\classfile\systemDictionary.cpp, line 312]
Event: 8.887 Thread 0x00000213edd35100 Exception <a 'java/lang/ClassNotFoundException'{0x000000008bbc30c0}: org/gradle/api/internal/artifacts/dsl/dependencies/DefaultDependencyHandlerBeanInfo> (0x000000008bbc30c0) 
thrown [s\src\hotspot\share\classfile\systemDictionary.cpp, line 312]
Event: 8.888 Thread 0x00000213edd35100 Exception <a 'java/lang/ClassNotFoundException'{0x000000008bbd8a80}: org/gradle/api/internal/artifacts/dsl/dependencies/DefaultDependencyHandlerCustomizer> (0x000000008bbd8a80) 
thrown [s\src\hotspot\share\classfile\systemDictionary.cpp, line 312]
Event: 8.893 Thread 0x00000213edd35100 Exception <a 'java/lang/ClassNotFoundException'{0x000000008ba239e0}: org/gradle/api/internal/artifacts/dsl/dependencies/DefaultDependencyHandler_DecoratedCustomizer> (0x000000008ba239e0) 
thrown [s\src\hotspot\share\classfile\systemDictionary.cpp, line 312]
Event: 8.896 Thread 0x00000213edd35100 Exception <a 'java/lang/ClassNotFoundException'{0x000000008ba64a60}: sync_studio_tooling10_9vhbuzdw4kwun0vfsexgt05sw$_run_closure1BeanInfo> (0x000000008ba64a60) 
thrown [s\src\hotspot\share\classfile\systemDictionary.cpp, line 312]
Event: 8.896 Thread 0x00000213edd35100 Exception <a 'java/lang/ClassNotFoundException'{0x000000008ba6be38}: sync_studio_tooling10_9vhbuzdw4kwun0vfsexgt05sw$_run_closure1Customizer> (0x000000008ba6be38) 
thrown [s\src\hotspot\share\classfile\systemDictionary.cpp, line 312]
Event: 8.938 Thread 0x00000213edd35100 Exception <a 'java/lang/NoSuchMethodError'{0x0000000088a461c0}: 'java.lang.Object java.lang.invoke.DirectMethodHandle$Holder.newInvokeSpecial(java.lang.Object, java.lang.Object, java.lang.Object, java.lang.Object, java.lang.Object, java.lang.Object, java.lang.Object, java.lang.Object, java.lang.Object)'> (0x0000000088a461c0) 
thrown [s\src\hotspot\share\interpreter\linkResolver.cpp, line 784]
Event: 8.940 Thread 0x00000213edd35100 Exception <a 'java/lang/NoSuchMethodError'{0x0000000088a87978}: 'java.lang.Object java.lang.invoke.DirectMethodHandle$Holder.newInvokeSpecial(java.lang.Object, int, java.lang.Object)'> (0x0000000088a87978) 
thrown [s\src\hotspot\share\interpreter\linkResolver.cpp, line 784]
Event: 9.140 Thread 0x00000213edd35100 Exception <a 'java/lang/NoSuchMethodError'{0x000000008571d7d8}: 'java.lang.Object java.lang.invoke.DirectMethodHandle$Holder.newInvokeSpecial(java.lang.Object, java.lang.Object, java.lang.Object, java.lang.Object, int, java.lang.Object)'> (0x000000008571d7d8) 
thrown [s\src\hotspot\share\interpreter\linkResolver.cpp, line 784]
Event: 9.141 Thread 0x00000213edd35100 Exception <a 'java/lang/NoSuchMethodError'{0x0000000085726088}: 'java.lang.Object java.lang.invoke.Invokers$Holder.linkToTargetMethod(java.lang.Object, java.lang.Object, java.lang.Object, int, java.lang.Object, java.lang.Object)'> (0x0000000085726088) 
thrown [s\src\hotspot\share\interpreter\linkResolver.cpp, line 784]
Event: 9.197 Thread 0x00000213edd35100 Exception <a 'sun/nio/fs/WindowsException'{0x00000000856fe2a0}> (0x00000000856fe2a0) 
thrown [s\src\hotspot\share\prims\jni.cpp, line 537]
Event: 9.197 Thread 0x00000213ed036b90 Exception <a 'sun/nio/fs/WindowsException'{0x000000008557a998}> (0x000000008557a998) 
thrown [s\src\hotspot\share\prims\jni.cpp, line 537]
Event: 9.504 Thread 0x00000213ed036b90 Exception <a 'sun/nio/fs/WindowsException'{0x0000000085590cb8}> (0x0000000085590cb8) 
thrown [s\src\hotspot\share\prims\jni.cpp, line 537]
Event: 9.514 Thread 0x00000213ed036b90 Exception <a 'sun/nio/fs/WindowsException'{0x000000008530c740}> (0x000000008530c740) 
thrown [s\src\hotspot\share\prims\jni.cpp, line 537]
Event: 9.666 Thread 0x00000213edd35100 Implicit null exception at 0x00000213db4d44e1 to 0x00000213db4d4946

ZGC Phase Switch (0 events):
No events

VM Operations (20 events):
Event: 10.660 Executing VM operation: G1CollectForAllocation (G1 Evacuation Pause)
Event: 10.665 Executing VM operation: G1CollectForAllocation (G1 Evacuation Pause) done
Event: 10.856 Executing VM operation: G1CollectForAllocation (G1 Evacuation Pause)
Event: 10.860 Executing VM operation: G1CollectForAllocation (G1 Evacuation Pause) done
Event: 10.903 Executing VM operation: G1PauseRemark
Event: 10.907 Executing VM operation: G1PauseRemark done
Event: 10.927 Executing VM operation: G1PauseCleanup
Event: 10.927 Executing VM operation: G1PauseCleanup done
Event: 11.128 Executing VM operation: G1CollectForAllocation (G1 Evacuation Pause)
Event: 11.132 Executing VM operation: G1CollectForAllocation (G1 Evacuation Pause) done
Event: 11.346 Executing VM operation: G1CollectForAllocation (G1 Evacuation Pause)
Event: 11.351 Executing VM operation: G1CollectForAllocation (G1 Evacuation Pause) done
Event: 11.578 Executing VM operation: G1CollectForAllocation (G1 Evacuation Pause)
Event: 11.583 Executing VM operation: G1CollectForAllocation (G1 Evacuation Pause) done
Event: 11.620 Executing VM operation: G1PauseRemark
Event: 11.626 Executing VM operation: G1PauseRemark done
Event: 11.645 Executing VM operation: G1PauseCleanup
Event: 11.645 Executing VM operation: G1PauseCleanup done
Event: 11.802 Executing VM operation: G1CollectForAllocation (G1 Evacuation Pause)
Event: 11.807 Executing VM operation: G1CollectForAllocation (G1 Evacuation Pause) done

Memory protections (0 events):
No events

Nmethod flushes (20 events):
Event: 11.626 Thread 0x00000213ec02fba0 flushing  nmethod 0x00000213d39c3710
Event: 11.626 Thread 0x00000213ec02fba0 flushing  nmethod 0x00000213d39c4010
Event: 11.626 Thread 0x00000213ec02fba0 flushing  nmethod 0x00000213d3a74510
Event: 11.626 Thread 0x00000213ec02fba0 flushing  nmethod 0x00000213d3b23890
Event: 11.626 Thread 0x00000213ec02fba0 flushing  nmethod 0x00000213d3b26290
Event: 11.626 Thread 0x00000213ec02fba0 flushing  nmethod 0x00000213d3b5d810
Event: 11.626 Thread 0x00000213ec02fba0 flushing  nmethod 0x00000213d3c2c110
Event: 11.626 Thread 0x00000213ec02fba0 flushing  nmethod 0x00000213d3d0d390
Event: 11.626 Thread 0x00000213ec02fba0 flushing  nmethod 0x00000213d3eefb10
Event: 11.626 Thread 0x00000213ec02fba0 flushing  nmethod 0x00000213d3ef0110
Event: 11.626 Thread 0x00000213ec02fba0 flushing  nmethod 0x00000213d3ef0a90
Event: 11.626 Thread 0x00000213ec02fba0 flushing  nmethod 0x00000213d3f41190
Event: 11.626 Thread 0x00000213ec02fba0 flushing  nmethod 0x00000213d3f6e690
Event: 11.626 Thread 0x00000213ec02fba0 flushing  nmethod 0x00000213d3f6f610
Event: 11.626 Thread 0x00000213ec02fba0 flushing  nmethod 0x00000213d3f70310
Event: 11.626 Thread 0x00000213ec02fba0 flushing  nmethod 0x00000213d416d310
Event: 11.626 Thread 0x00000213ec02fba0 flushing  nmethod 0x00000213d416da90
Event: 11.626 Thread 0x00000213ec02fba0 flushing  nmethod 0x00000213d416e610
Event: 11.626 Thread 0x00000213ec02fba0 flushing  nmethod 0x00000213d423a210
Event: 11.626 Thread 0x00000213ec02fba0 flushing  nmethod 0x00000213d4323a10

Events (20 events):
Event: 4.014 Thread 0x00000213ed637a50 Thread exited: 0x00000213ed637a50
Event: 4.144 Thread 0x00000213ed6387f0 Thread exited: 0x00000213ed6387f0
Event: 5.465 Thread 0x00000213edd35100 Thread added: 0x00000213ee4b9650
Event: 5.465 Thread 0x00000213edd35100 Thread added: 0x00000213ee4bbdb0
Event: 5.465 Thread 0x00000213edd35100 Thread added: 0x00000213ee4baa00
Event: 5.466 Thread 0x00000213edd35100 Thread added: 0x00000213ee4bc440
Event: 5.466 Thread 0x00000213edd35100 Thread added: 0x00000213ee4b8fc0
Event: 5.466 Thread 0x00000213edd35100 Thread added: 0x00000213ee4b9ce0
Event: 5.466 Thread 0x00000213edd35100 Thread added: 0x00000213ee4bcad0
Event: 5.466 Thread 0x00000213edd35100 Thread added: 0x00000213ee4bd160
Event: 5.472 Thread 0x00000213ec0dcd80 Thread added: 0x00000213ed639590
Event: 5.473 Thread 0x00000213ec0dcd80 Thread added: 0x00000213ed636cb0
Event: 5.911 Thread 0x00000213edd35100 Thread added: 0x00000213ee4bd7f0
Event: 5.972 Thread 0x00000213edd35100 Thread added: 0x00000213ee4ba370
Event: 5.982 Thread 0x00000213edd35100 Thread added: 0x00000213ee4bf8c0
Event: 6.124 Thread 0x00000213edd35100 Thread added: 0x00000213ee4bff50
Event: 7.435 Thread 0x00000213ed636cb0 Thread exited: 0x00000213ed636cb0
Event: 8.471 Thread 0x00000213ec0dcd80 Thread added: 0x00000213ed638120
Event: 9.164 Thread 0x00000213edd35100 Thread added: 0x00000213ed036b90
Event: 9.165 Thread 0x00000213edd35100 Thread added: 0x00000213ed0357e0


Dynamic libraries:
0x00007ff748490000 - 0x00007ff74849a000 	C:\Program Files\Android\Android Studio\jbr\bin\java.exe
0x00007ffb49f00000 - 0x00007ffb4a168000 	C:\WINDOWS\SYSTEM32\ntdll.dll
0x00007ffb49370000 - 0x00007ffb49439000 	C:\WINDOWS\System32\KERNEL32.DLL
0x00007ffb47770000 - 0x00007ffb47b62000 	C:\WINDOWS\System32\KERNELBASE.dll
0x00007ffb475f0000 - 0x00007ffb4773b000 	C:\WINDOWS\System32\ucrtbase.dll
0x00007ffb05780000 - 0x00007ffb05798000 	C:\Program Files\Android\Android Studio\jbr\bin\jli.dll
0x00007ffb41c00000 - 0x00007ffb41c1b000 	C:\Program Files\Android\Android Studio\jbr\bin\VCRUNTIME140.dll
0x00007ffb47d20000 - 0x00007ffb47ee5000 	C:\WINDOWS\System32\USER32.dll
0x00007ffb47740000 - 0x00007ffb47767000 	C:\WINDOWS\System32\win32u.dll
0x00007ffb48630000 - 0x00007ffb4865b000 	C:\WINDOWS\System32\GDI32.dll
0x00007ffb2d070000 - 0x00007ffb2d303000 	C:\WINDOWS\WinSxS\amd64_microsoft.windows.common-controls_6595b64144ccf1df_6.0.26100.6899_none_3e0efeeae32e88c1\COMCTL32.dll
0x00007ffb47120000 - 0x00007ffb4724d000 	C:\WINDOWS\System32\gdi32full.dll
0x00007ffb48190000 - 0x00007ffb48239000 	C:\WINDOWS\System32\msvcrt.dll
0x00007ffb47540000 - 0x00007ffb475e3000 	C:\WINDOWS\System32\msvcp_win.dll
0x00007ffb48240000 - 0x00007ffb4826f000 	C:\WINDOWS\System32\IMM32.DLL
0x00007ffb42ed0000 - 0x00007ffb42edc000 	C:\Program Files\Android\Android Studio\jbr\bin\vcruntime140_1.dll
0x00007ffaeeb60000 - 0x00007ffaeebed000 	C:\Program Files\Android\Android Studio\jbr\bin\msvcp140.dll
0x00007ffac5e10000 - 0x00007ffac6a9e000 	C:\Program Files\Android\Android Studio\jbr\bin\server\jvm.dll
0x00007ffb49440000 - 0x00007ffb494f4000 	C:\WINDOWS\System32\ADVAPI32.dll
0x00007ffb49520000 - 0x00007ffb495c6000 	C:\WINDOWS\System32\sechost.dll
0x00007ffb49b50000 - 0x00007ffb49c68000 	C:\WINDOWS\System32\RPCRT4.dll
0x00007ffb49dd0000 - 0x00007ffb49e44000 	C:\WINDOWS\System32\WS2_32.dll
0x00007ffb46ef0000 - 0x00007ffb46f4e000 	C:\WINDOWS\SYSTEM32\POWRPROF.dll
0x00007ffb3ed60000 - 0x00007ffb3ed95000 	C:\WINDOWS\SYSTEM32\WINMM.dll
0x00007ffb366e0000 - 0x00007ffb366eb000 	C:\WINDOWS\SYSTEM32\VERSION.dll
0x00007ffb46ed0000 - 0x00007ffb46ee4000 	C:\WINDOWS\SYSTEM32\UMPDC.dll
0x00007ffb45dc0000 - 0x00007ffb45ddb000 	C:\WINDOWS\SYSTEM32\kernel.appcore.dll
0x00007ffb41bd0000 - 0x00007ffb41bda000 	C:\Program Files\Android\Android Studio\jbr\bin\jimage.dll
0x00007ffb44740000 - 0x00007ffb44982000 	C:\WINDOWS\SYSTEM32\DBGHELP.DLL
0x00007ffb497c0000 - 0x00007ffb49b3b000 	C:\WINDOWS\System32\combase.dll
0x00007ffb48520000 - 0x00007ffb485f7000 	C:\WINDOWS\System32\OLEAUT32.dll
0x00007ffb287a0000 - 0x00007ffb287dc000 	C:\WINDOWS\SYSTEM32\dbgcore.DLL
0x00007ffb47c30000 - 0x00007ffb47cc8000 	C:\WINDOWS\System32\bcryptPrimitives.dll
0x00007ffb31710000 - 0x00007ffb3171e000 	C:\Program Files\Android\Android Studio\jbr\bin\instrument.dll
0x00007ffb34dc0000 - 0x00007ffb34de0000 	C:\Program Files\Android\Android Studio\jbr\bin\java.dll
0x00007ffb34310000 - 0x00007ffb34328000 	C:\Program Files\Android\Android Studio\jbr\bin\zip.dll
0x00007ffb48660000 - 0x00007ffb48dad000 	C:\WINDOWS\System32\SHELL32.dll
0x00007ffb473d0000 - 0x00007ffb4753b000 	C:\WINDOWS\System32\wintypes.dll
0x00007ffb44cc0000 - 0x00007ffb4551d000 	C:\WINDOWS\SYSTEM32\windows.storage.dll
0x00007ffb49c70000 - 0x00007ffb49d62000 	C:\WINDOWS\System32\SHCORE.dll
0x00007ffb49e50000 - 0x00007ffb49eb2000 	C:\WINDOWS\System32\shlwapi.dll
0x00007ffb46fb0000 - 0x00007ffb46fd9000 	C:\WINDOWS\SYSTEM32\profapi.dll
0x00007ffb41b70000 - 0x00007ffb41b80000 	C:\Program Files\Android\Android Studio\jbr\bin\net.dll
0x00007ffb39070000 - 0x00007ffb3918f000 	C:\WINDOWS\SYSTEM32\WINHTTP.dll
0x00007ffb463d0000 - 0x00007ffb4643b000 	C:\WINDOWS\system32\mswsock.dll
0x00007ffb33d40000 - 0x00007ffb33d56000 	C:\Program Files\Android\Android Studio\jbr\bin\nio.dll
0x00007ffb31ac0000 - 0x00007ffb31ad0000 	C:\Program Files\Android\Android Studio\jbr\bin\verify.dll
0x00007ffb28fd0000 - 0x00007ffb28ff7000 	C:\Users\17822\.gradle\native\c067742578af261105cb4f569cf0c3c89f3d7b1fecec35dd04571415982c5e48\windows-amd64\native-platform.dll
0x00007ffaeef90000 - 0x00007ffaef0d4000 	C:\Users\17822\.gradle\native\38dada09dfb8b06ba9b0570ebf7e218e3eb74d4ef43ca46872605cf95ebc2f47\windows-amd64\native-platform-file-events.dll
0x00007ffb33d80000 - 0x00007ffb33d89000 	C:\Program Files\Android\Android Studio\jbr\bin\management.dll
0x00007ffb33940000 - 0x00007ffb3394b000 	C:\Program Files\Android\Android Studio\jbr\bin\management_ext.dll
0x00007ffb49350000 - 0x00007ffb49358000 	C:\WINDOWS\System32\PSAPI.DLL
0x00007ffb46680000 - 0x00007ffb4669b000 	C:\WINDOWS\SYSTEM32\CRYPTSP.dll
0x00007ffb45de0000 - 0x00007ffb45e1b000 	C:\WINDOWS\system32\rsaenh.dll
0x00007ffb46470000 - 0x00007ffb4649b000 	C:\WINDOWS\SYSTEM32\USERENV.dll
0x00007ffb46f80000 - 0x00007ffb46fa6000 	C:\WINDOWS\SYSTEM32\bcrypt.dll
0x00007ffb466a0000 - 0x00007ffb466ac000 	C:\WINDOWS\SYSTEM32\CRYPTBASE.dll
0x00007ffb45890000 - 0x00007ffb458c4000 	C:\WINDOWS\SYSTEM32\IPHLPAPI.DLL
0x00007ffb48eb0000 - 0x00007ffb48eba000 	C:\WINDOWS\System32\NSI.dll
0x00007ffb40440000 - 0x00007ffb40449000 	C:\Program Files\Android\Android Studio\jbr\bin\extnet.dll
0x00007ffb0ddd0000 - 0x00007ffb0ddd8000 	C:\WINDOWS\system32\wshunix.dll
0x00007ffb45f80000 - 0x00007ffb45fb6000 	C:\WINDOWS\SYSTEM32\ntmarta.dll

dbghelp: loaded successfully - version: 4.0.5 - missing functions: none
symbol engine: initialized successfully - sym options: 0x614 - pdb path: .;C:\Program Files\Android\Android Studio\jbr\bin;C:\WINDOWS\SYSTEM32;C:\WINDOWS\WinSxS\amd64_microsoft.windows.common-controls_6595b64144ccf1df_6.0.26100.6899_none_3e0efeeae32e88c1;C:\Program Files\Android\Android Studio\jbr\bin\server;C:\Users\17822\.gradle\native\c067742578af261105cb4f569cf0c3c89f3d7b1fecec35dd04571415982c5e48\windows-amd64;C:\Users\17822\.gradle\native\38dada09dfb8b06ba9b0570ebf7e218e3eb74d4ef43ca46872605cf95ebc2f47\windows-amd64

VM Arguments:
jvm_args: --add-opens=java.base/java.util=ALL-UNNAMED --add-opens=java.base/java.lang=ALL-UNNAMED --add-opens=java.base/java.lang.invoke=ALL-UNNAMED --add-opens=java.prefs/java.util.prefs=ALL-UNNAMED --add-opens=java.base/java.nio.charset=ALL-UNNAMED --add-opens=java.base/java.net=ALL-UNNAMED --add-opens=java.base/java.util.concurrent.atomic=ALL-UNNAMED -Xmx2048m -Dfile.encoding=UTF-8 -Duser.country=CA -Duser.language=en -Duser.variant -javaagent:C:\Users\17822\.gradle\wrapper\dists\gradle-8.7-all\aan3ydargesu18aqyqjwhr3pc\gradle-8.7\lib\agents\gradle-instrumentation-agent-8.7.jar 
java_command: org.gradle.launcher.daemon.bootstrap.GradleDaemon 8.7
java_class_path (initial): C:\Users\17822\.gradle\wrapper\dists\gradle-8.7-all\aan3ydargesu18aqyqjwhr3pc\gradle-8.7\lib\gradle-launcher-8.7.jar
Launcher Type: SUN_STANDARD

[Global flags]
     intx CICompilerCount                          = 4                                         {product} {ergonomic}
     uint ConcGCThreads                            = 2                                         {product} {ergonomic}
     uint G1ConcRefinementThreads                  = 8                                         {product} {ergonomic}
   size_t G1HeapRegionSize                         = 1048576                                   {product} {ergonomic}
    uintx GCDrainStackTargetSize                   = 64                                        {product} {ergonomic}
   size_t InitialHeapSize                          = 197132288                                 {product} {ergonomic}
   size_t MarkStackSize                            = 4194304                                   {product} {ergonomic}
   size_t MaxHeapSize                              = 2147483648                                {product} {command line}
   size_t MaxNewSize                               = 1287651328                                {product} {ergonomic}
   size_t MinHeapDeltaBytes                        = 1048576                                   {product} {ergonomic}
   size_t MinHeapSize                              = 8388608                                   {product} {ergonomic}
    uintx NonNMethodCodeHeapSize                   = 5839372                                {pd product} {ergonomic}
    uintx NonProfiledCodeHeapSize                  = 122909434                              {pd product} {ergonomic}
    uintx ProfiledCodeHeapSize                     = 122909434                              {pd product} {ergonomic}
    uintx ReservedCodeCacheSize                    = 251658240                              {pd product} {ergonomic}
     bool SegmentedCodeCache                       = true                                      {product} {ergonomic}
   size_t SoftMaxHeapSize                          = 2147483648                             {manageable} {ergonomic}
     bool UseCompressedOops                        = true                           {product lp64_product} {ergonomic}
     bool UseG1GC                                  = true                                      {product} {ergonomic}
     bool UseLargePagesIndividualAllocation        = false                                  {pd product} {ergonomic}

Logging:
Log output configuration:
 #0: stdout all=warning uptime,level,tags foldmultilines=false
 #1: stderr all=off uptime,level,tags foldmultilines=false

Environment Variables:
PATH=C:\Program Files (x86)\VMware\VMware Workstation\bin\;C:\Program Files\Common Files\Oracle\Java\javapath;C:\Program Files (x86)\Common Files\Oracle\Java\java8path;C:\Program Files (x86)\Common Files\Oracle\Java\javapath;C:\WINDOWS\system32;C:\WINDOWS;C:\WINDOWS\System32\Wbem;C:\WINDOWS\System32\WindowsPowerShell\v1.0\;C:\WINDOWS\System32\OpenSSH\;C:\Program Files\dotnet\;C:\Program Files\Git\cmd;C:\Users\17822\AppData\Local\Microsoft\WindowsApps;C:\Users\17822\AppData\Local\Programs\Microsoft VS Code\bin;C:\Users\17822\AppData\Local\GitHubDesktop\bin;C:\MinGW\bin;;C:\Program Files\JetBrains\IntelliJ IDEA 2025.2.2\bin;C:\Program Files\JetBrains\IntelliJ IDEA Community Edition 2024.3.1.1\bin;
USERNAME=17822
OS=Windows_NT
PROCESSOR_IDENTIFIER=Intel64 Family 6 Model 140 Stepping 1, GenuineIntel
TMP=C:\Users\17822\AppData\Local\Temp
TEMP=C:\Users\17822\AppData\Local\Temp




Periodic native trim disabled

JNI global refs:
JNI global refs: 30, weak refs: 12

JNI global refs memory usage: 835, weak refs: 833

Process memory usage:
Resident Set Size: 414872K (3% of 12311332K total physical memory with 1507204K free physical memory)

OOME stack traces (most recent first):
Classloader memory used:
Loader org.gradle.internal.classloader.VisitableURLClassLoader                         : 30955K
Loader bootstrap                                                                       : 22436K
Loader org.gradle.initialization.MixInLegacyTypesClassLoader                           : 6151K
Loader org.gradle.internal.classloader.VisitableURLClassLoader                         : 731K
Loader jdk.internal.loader.ClassLoaders$PlatformClassLoader                            : 509K
Loader jdk.internal.loader.ClassLoaders$AppClassLoader                                 : 230K
Loader jdk.internal.reflect.DelegatingClassLoader                                      : 157K
Loader org.gradle.groovy.scripts.internal.DefaultScriptCompilationHandler$ScriptClassLoader: 35896B
Loader org.codehaus.groovy.runtime.callsite.CallSiteClassLoader                        : 7200B

Classes loaded by more than one classloader:
Class org.gradle.api.GradleException                                                  : loaded 3 times (x 80B)
Class org.gradle.internal.classloader.FilteringClassLoader                            : loaded 2 times (x 103B)
Class org.gradle.internal.classloader.ClassLoaderHierarchy                            : loaded 2 times (x 68B)
Class org.gradle.api.internal.classpath.ManifestUtil                                  : loaded 2 times (x 69B)
Class org.gradle.internal.operations.MultipleBuildOperationFailures                   : loaded 2 times (x 93B)
Class org.gradle.internal.classloader.DefaultClassLoaderFactory                       : loaded 2 times (x 80B)
Class org.gradle.internal.classloader.ClassLoaderVisitor                              : loaded 2 times (x 74B)
Class org.gradle.api.internal.classpath.EffectiveClassPath                            : loaded 2 times (x 88B)
Class org.gradle.api.internal.DefaultClassPathProvider                                : loaded 2 times (x 74B)
Class [Lorg.gradle.api.internal.ClassPathProvider;                                    : loaded 2 times (x 67B)
Class org.gradle.api.internal.ClassPathProvider                                       : loaded 2 times (x 68B)
Class org.gradle.internal.service.UnknownServiceException                             : loaded 2 times (x 81B)
Class org.gradle.internal.classpath.TransformedClassPath                              : loaded 2 times (x 94B)
Class org.gradle.internal.service.ServiceLocator                                      : loaded 2 times (x 68B)
Class org.gradle.internal.InternalTransformer                                         : loaded 2 times (x 68B)
Class org.gradle.internal.time.DefaultTimer                                           : loaded 2 times (x 78B)
Class org.gradle.internal.classloader.ClasspathUtil$1                                 : loaded 2 times (x 74B)
Class org.gradle.api.internal.classpath.DefaultModuleRegistry$DefaultModule           : loaded 2 times (x 84B)
Class org.gradle.internal.time.DefaultCountdownTimer                                  : loaded 2 times (x 86B)
Class kotlin.Function                                                                 : loaded 2 times (x 68B)
Class org.gradle.api.internal.classpath.Module                                        : loaded 2 times (x 68B)
Class org.gradle.api.internal.classpath.UnknownModuleException                        : loaded 2 times (x 80B)
Class org.gradle.cache.GlobalCache                                                    : loaded 2 times (x 68B)
Class org.gradle.api.internal.DefaultClassPathRegistry                                : loaded 2 times (x 74B)
Class org.gradle.api.internal.ClassPathRegistry                                       : loaded 2 times (x 68B)
Class org.gradle.internal.classpath.DefaultClassPath$ImmutableUniqueList              : loaded 2 times (x 197B)
Class org.gradle.internal.classpath.ClassPath                                         : loaded 2 times (x 68B)
Class org.gradle.api.UncheckedIOException                                             : loaded 2 times (x 80B)
Class kotlin.UninitializedPropertyAccessException                                     : loaded 2 times (x 80B)
Class org.gradle.internal.installation.GradleInstallation$1                           : loaded 2 times (x 73B)
Class org.gradle.api.internal.classpath.ModuleRegistry                                : loaded 2 times (x 68B)
Class org.gradle.api.internal.classpath.DefaultModuleRegistry                         : loaded 2 times (x 84B)
Class org.gradle.internal.time.MonotonicClock                                         : loaded 2 times (x 75B)
Class org.gradle.internal.service.ServiceLookupException                              : loaded 2 times (x 80B)
Class org.gradle.internal.classloader.ClassLoaderFactory                              : loaded 2 times (x 68B)
Class org.gradle.internal.service.CachingServiceLocator                               : loaded 2 times (x 80B)
Class org.gradle.internal.time.TimeSource                                             : loaded 2 times (x 68B)
Class org.gradle.internal.exceptions.ResolutionProvider                               : loaded 2 times (x 68B)
Class org.gradle.internal.classloader.ClasspathUtil                                   : loaded 2 times (x 69B)
Class org.gradle.internal.time.TimeSource$1                                           : loaded 2 times (x 75B)
Class org.gradle.api.specs.Spec                                                       : loaded 2 times (x 68B)
Class org.gradle.internal.time.Clock                                                  : loaded 2 times (x 68B)
Class org.gradle.internal.classloader.VisitableURLClassLoader$InstrumentingVisitableURLClassLoader: loaded 2 times (x 121B)
Class org.gradle.internal.classloader.VisitableURLClassLoader$Spec                    : loaded 2 times (x 72B)
Class org.gradle.internal.classpath.DefaultClassPath                                  : loaded 2 times (x 88B)
Class org.gradle.internal.classloader.ClassLoaderSpec                                 : loaded 2 times (x 69B)
Class org.gradle.internal.classloader.VisitableURLClassLoader                         : loaded 2 times (x 115B)
Class org.gradle.internal.Cast                                                        : loaded 2 times (x 69B)
Class org.gradle.api.Action                                                           : loaded 2 times (x 68B)
Class org.gradle.internal.agents.InstrumentingClassLoader                             : loaded 2 times (x 68B)
Class org.gradle.internal.classpath.DefaultClassPath$ImmutableUniqueList$Builder      : loaded 2 times (x 73B)
Class kotlin.NotImplementedError                                                      : loaded 2 times (x 80B)
Class org.gradle.internal.exceptions.NonGradleCauseExceptionsHolder                   : loaded 2 times (x 68B)
Class org.gradle.internal.IoActions                                                   : loaded 2 times (x 69B)
Class org.gradle.internal.classloader.SystemClassLoaderSpec                           : loaded 2 times (x 69B)
Class org.gradle.internal.exceptions.MultiCauseException                              : loaded 2 times (x 68B)
Class org.gradle.internal.time.CountdownTimer                                         : loaded 2 times (x 68B)
Class kotlin.jvm.internal.Intrinsics                                                  : loaded 2 times (x 69B)
Class org.gradle.tooling.model.ProjectModel                                           : loaded 2 times (x 68B)
Class kotlin.KotlinNullPointerException                                               : loaded 2 times (x 81B)
Class org.gradle.internal.exceptions.DefaultMultiCauseException                       : loaded 2 times (x 93B)
Class org.gradle.internal.time.Time                                                   : loaded 2 times (x 69B)
Class org.gradle.internal.time.Timer                                                  : loaded 2 times (x 68B)
Class org.gradle.internal.installation.CurrentGradleInstallationLocator               : loaded 2 times (x 69B)
Class org.gradle.internal.service.DefaultServiceLocator                               : loaded 2 times (x 81B)
Class org.gradle.util.GradleVersion                                                   : loaded 2 times (x 77B)
Class org.gradle.internal.installation.CurrentGradleInstallation                      : loaded 2 times (x 71B)
Class org.gradle.util.internal.GUtil                                                  : loaded 2 times (x 69B)
Class org.gradle.internal.installation.GradleInstallation                             : loaded 2 times (x 73B)

---------------  S Y S T E M  ---------------

OS:
 Windows 11 , 64 bit Build 26100 (10.0.26100.6725)
OS uptime: 13 days 22:53 hours
Hyper-V role detected

CPU: total 8 (initial active 8) (4 cores per cpu, 2 threads per core) family 6 model 140 stepping 1 microcode 0xbc, cx8, cmov, fxsr, ht, mmx, 3dnowpref, sse, sse2, sse3, ssse3, sse4.1, sse4.2, popcnt, lzcnt, tsc, tscinvbit, avx, avx2, aes, erms, clmul, bmi1, bmi2, adx, avx512f, avx512dq, avx512cd, avx512bw, avx512vl, sha, fma, vzeroupper, avx512_vpopcntdq, avx512_vpclmulqdq, avx512_vaes, avx512_vnni, clflush, clflushopt, clwb, avx512_vbmi2, avx512_vbmi, hv, rdtscp, rdpid, fsrm, gfni, avx512_bitalg, f16c, cet_ibt, cet_ss, avx512_ifma
Processor Information for the first 8 processors :
  Max Mhz: 2803, Current Mhz: 2502, Mhz Limit: 2803

Memory: 4k page, system-wide physical 12022M (1490M free)
TotalPageFile size 20214M (AvailPageFile size 70M)
current process WorkingSet (physical memory assigned to process): 406M, peak: 406M
current process commit charge ("private bytes"): 438M, peak: 440M

vm_info: OpenJDK 64-Bit Server VM (21.0.7+-13880790-b1038.58) for windows-amd64 JRE (21.0.7+-13880790-b1038.58), built on 2025-08-04T20:56:21Z by "builder" with MS VC++ 16.10 / 16.11 (VS2019)

END.
